Using pre-set license
Built from '2022.3/staging' branch; Version is '2022.3.55f1 (9f374180d209) revision 10434369'; Using compiler version '192829333'; Build Type 'Release'
OS: 'Windows 10  (10.0.19045) 64bit Professional' Language: 'en' Physical Memory: 16332 MB
BatchMode: 1, IsHumanControllingUs: 0, StartBugReporterOnCrash: 0, Is64bit: 1, IsPro: 1

COMMAND LINE ARGUMENTS:
C:\Program Files\Unity\Hub\Editor\2022.3.55f1\Editor\Unity.exe
-adb2
-batchMode
-noUpm
-name
AssetImportWorker0
-projectPath
C:/Users/ImThund3r0us/Documents/GitHub/Team9/Gamedev
-logFile
Logs/AssetImportWorker0.log
-srvPort
54241
Successfully changed project path to: C:/Users/ImThund3r0us/Documents/GitHub/Team9/Gamedev
C:/Users/ImThund3r0us/Documents/GitHub/Team9/Gamedev
[UnityMemory] Configuration Parameters - Can be set up in boot.config
    "memorysetup-bucket-allocator-granularity=16"
    "memorysetup-bucket-allocator-bucket-count=8"
    "memorysetup-bucket-allocator-block-size=33554432"
    "memorysetup-bucket-allocator-block-count=8"
    "memorysetup-main-allocator-block-size=16777216"
    "memorysetup-thread-allocator-block-size=16777216"
    "memorysetup-gfx-main-allocator-block-size=16777216"
    "memorysetup-gfx-thread-allocator-block-size=16777216"
    "memorysetup-cache-allocator-block-size=4194304"
    "memorysetup-typetree-allocator-block-size=2097152"
    "memorysetup-profiler-bucket-allocator-granularity=16"
    "memorysetup-profiler-bucket-allocator-bucket-count=8"
    "memorysetup-profiler-bucket-allocator-block-size=33554432"
    "memorysetup-profiler-bucket-allocator-block-count=8"
    "memorysetup-profiler-allocator-block-size=16777216"
    "memorysetup-profiler-editor-allocator-block-size=1048576"
    "memorysetup-temp-allocator-size-main=16777216"
    "memorysetup-job-temp-allocator-block-size=2097152"
    "memorysetup-job-temp-allocator-block-size-background=1048576"
    "memorysetup-job-temp-allocator-reduction-small-platforms=262144"
    "memorysetup-allocator-temp-initial-block-size-main=262144"
    "memorysetup-allocator-temp-initial-block-size-worker=262144"
    "memorysetup-temp-allocator-size-background-worker=32768"
    "memorysetup-temp-allocator-size-job-worker=262144"
    "memorysetup-temp-allocator-size-preload-manager=33554432"
    "memorysetup-temp-allocator-size-nav-mesh-worker=65536"
    "memorysetup-temp-allocator-size-audio-worker=65536"
    "memorysetup-temp-allocator-size-cloud-worker=32768"
    "memorysetup-temp-allocator-size-gi-baking-worker=262144"
    "memorysetup-temp-allocator-size-gfx=262144"
Player connection [3440]  Target information:

Player connection [3440]  * "[IP] 192.168.0.5 [Port] 0 [Flags] 2 [Guid] 718047170 [EditorId] 718047170 [Version] 1048832 [Id] WindowsEditor(7,DESKTOP-QHVESMU) [Debug] 1 [PackageName] WindowsEditor [ProjectName] Editor" 

Player connection [3440] Host joined multi-casting on [225.0.0.222:54997]...
Player connection [3440] Host joined alternative multi-casting on [225.0.0.222:34997]...
[PhysX] Initialized MultithreadedTaskDispatcher with 16 workers.
Refreshing native plugins compatible for Editor in 0.00 ms, found 0 plugins.
Preloading 0 native plugins for Editor in 0.00 ms.
Initialize engine version: 2022.3.55f1 (9f374180d209)
[Subsystems] Discovering subsystems at path C:/Program Files/Unity/Hub/Editor/2022.3.55f1/Editor/Data/Resources/UnitySubsystems
[Subsystems] Discovering subsystems at path C:/Users/ImThund3r0us/Documents/GitHub/Team9/Gamedev/Assets
GfxDevice: creating device client; threaded=0; jobified=0
Direct3D:
    Version:  Direct3D 11.0 [level 11.1]
    Renderer: NVIDIA GeForce RTX 2070 SUPER (ID=0x1e84)
    Vendor:   NVIDIA
    VRAM:     7989 MB
    Driver:   32.0.15.6094
Initialize mono
Mono path[0] = 'C:/Program Files/Unity/Hub/Editor/2022.3.55f1/Editor/Data/Managed'
Mono path[1] = 'C:/Program Files/Unity/Hub/Editor/2022.3.55f1/Editor/Data/MonoBleedingEdge/lib/mono/unityjit-win32'
Mono config path = 'C:/Program Files/Unity/Hub/Editor/2022.3.55f1/Editor/Data/MonoBleedingEdge/etc'
Using monoOptions --debugger-agent=transport=dt_socket,embedding=1,server=y,suspend=n,address=127.0.0.1:56156
Begin MonoManager ReloadAssembly
Registering precompiled unity dll's ...
Register platform support module: C:/Program Files/Unity/Hub/Editor/2022.3.55f1/Editor/Data/PlaybackEngines/WindowsStandaloneSupport/UnityEditor.WindowsStandalone.Extensions.dll
Registered in 0.008982 seconds.
- Loaded All Assemblies, in  0.356 seconds
Native extension for WindowsStandalone target not found
Mono: successfully reloaded assembly
- Finished resetting the current domain, in  0.252 seconds
Domain Reload Profiling: 606ms
	BeginReloadAssembly (113ms)
		ExecutionOrderSort (0ms)
		DisableScriptedObjects (0ms)
		BackupInstance (0ms)
		ReleaseScriptingObjects (0ms)
		CreateAndSetChildDomain (1ms)
	RebuildCommonClasses (37ms)
	RebuildNativeTypeToScriptingClass (12ms)
	initialDomainReloadingComplete (60ms)
	LoadAllAssembliesAndSetupDomain (131ms)
		LoadAssemblies (111ms)
		RebuildTransferFunctionScriptingTraits (0ms)
		AnalyzeDomain (129ms)
			TypeCache.Refresh (127ms)
				TypeCache.ScanAssembly (115ms)
			ScanForSourceGeneratedMonoScriptInfo (0ms)
			ResolveRequiredComponents (0ms)
	FinalizeReload (252ms)
		ReleaseScriptCaches (0ms)
		RebuildScriptCaches (0ms)
		SetupLoadedEditorAssemblies (208ms)
			LogAssemblyErrors (0ms)
			InitializePlatformSupportModulesInManaged (10ms)
			SetLoadedEditorAssemblies (7ms)
			RefreshPlugins (0ms)
			BeforeProcessingInitializeOnLoad (2ms)
			ProcessInitializeOnLoadAttributes (144ms)
			ProcessInitializeOnLoadMethodAttributes (44ms)
			AfterProcessingInitializeOnLoad (0ms)
			EditorAssembliesLoaded (0ms)
		ExecutionOrderSort2 (0ms)
		AwakeInstancesAfterBackupRestoration (0ms)
========================================================================
Worker process is ready to serve import requests
Caller must complete domain reload
Begin MonoManager ReloadAssembly
- Loaded All Assemblies, in  0.215 seconds
Native extension for WindowsStandalone target not found
Mono: successfully reloaded assembly
- Finished resetting the current domain, in  0.326 seconds
Domain Reload Profiling: 540ms
	BeginReloadAssembly (142ms)
		ExecutionOrderSort (0ms)
		DisableScriptedObjects (5ms)
		BackupInstance (0ms)
		ReleaseScriptingObjects (0ms)
		CreateAndSetChildDomain (21ms)
	RebuildCommonClasses (32ms)
	RebuildNativeTypeToScriptingClass (11ms)
	initialDomainReloadingComplete (22ms)
	LoadAllAssembliesAndSetupDomain (7ms)
		LoadAssemblies (87ms)
		RebuildTransferFunctionScriptingTraits (0ms)
		AnalyzeDomain (5ms)
			TypeCache.Refresh (4ms)
				TypeCache.ScanAssembly (0ms)
			ScanForSourceGeneratedMonoScriptInfo (0ms)
			ResolveRequiredComponents (0ms)
	FinalizeReload (326ms)
		ReleaseScriptCaches (0ms)
		RebuildScriptCaches (0ms)
		SetupLoadedEditorAssemblies (205ms)
			LogAssemblyErrors (0ms)
			InitializePlatformSupportModulesInManaged (7ms)
			SetLoadedEditorAssemblies (5ms)
			RefreshPlugins (0ms)
			BeforeProcessingInitializeOnLoad (29ms)
			ProcessInitializeOnLoadAttributes (136ms)
			ProcessInitializeOnLoadMethodAttributes (18ms)
			AfterProcessingInitializeOnLoad (9ms)
			EditorAssembliesLoaded (0ms)
		ExecutionOrderSort2 (0ms)
		AwakeInstancesAfterBackupRestoration (10ms)
Launched and connected shader compiler UnityShaderCompiler.exe after 0.04 seconds
Refreshing native plugins compatible for Editor in 0.00 ms, found 0 plugins.
Preloading 0 native plugins for Editor in 0.00 ms.
Unloading 8 Unused Serialized files (Serialized files now loaded: 0)
Unloading 3 unused Assets / (45.1 KB). Loaded Objects now: 495.
Memory consumption went from 61.0 MB to 60.9 MB.
Total: 3.081300 ms (FindLiveObjects: 0.073600 ms CreateObjectMapping: 0.006500 ms MarkObjects: 2.909400 ms  DeleteObjects: 0.090200 ms)

AssetImportParameters requested are different than current active one (requested -> active):
  custom:video-decoder-ogg-theora: a1e56fd34408186e4bbccfd4996cb3dc -> 
  custom:container-muxer-webm: aa71ff27fc2769a1b78a27578f13a17b -> 
  custom:container-demuxer-webm: 4f35f7cbe854078d1ac9338744f61a02 -> 
  custom:video-encoder-webm-vp8: eb34c28f22e8b96e1ab97ce403110664 -> 
  custom:CustomObjectIndexerAttribute: 9a22284fe3817be447336de3de66b15e -> 
  custom:audio-encoder-webm-vorbis: bf7c407c2cedff20999df2af8eb42d56 -> 
  custom:framework-win-MediaFoundation: 216162199b28c13a410421893ffa2e32 -> 
  custom:SearchIndexIgnoredProperties: e643bd26f0fe6173181afceb89e7c659 -> 
  custom:container-demuxer-ogg: 62fdf1f143b41e24485cea50d1cbac27 -> 
  custom:video-decoder-webm-vp8: 9c59270c3fd7afecdb556c50c9e8de78 -> 
  custom:audio-decoder-ogg-vorbis: bf7c407c2cedff20999df2af8eb42d56 -> 
  custom:AudioImporter_EditorPlatform: d09bf68614088b80899f8185d706f6e7 -> 
========================================================================
Received Import Request.
  Time since last request: 756868.137709 seconds.
  path: Assets/kenney_food-kit/Previews/advocado-half.png
  artifactKey: Guid(cd9709a926e6194499e4ee2564f950a7) Importer(815301076,1909f56bfc062723c751e8b465ee728b)
Start importing Assets/kenney_food-kit/Previews/advocado-half.png using Guid(cd9709a926e6194499e4ee2564f950a7) Importer(815301076,1909f56bfc062723c751e8b465ee728b) [PhysX] Initialized MultithreadedTaskDispatcher with 16 workers.
[PhysX] Initialized MultithreadedTaskDispatcher with 16 workers.
 -> (artifact id: '1a2c14bb5d924a238b26b3768ec1ca28') in 0.077353 seconds
Number of updated asset objects reloaded before import = 0
Number of asset objects unloaded after import = 2
========================================================================
Received Import Request.
  Time since last request: 0.000020 seconds.
  path: Assets/kenney_food-kit/Previews/avocado.png
  artifactKey: Guid(af24b4b86881f364894dbd918fd98663) Importer(815301076,1909f56bfc062723c751e8b465ee728b)
Start importing Assets/kenney_food-kit/Previews/avocado.png using Guid(af24b4b86881f364894dbd918fd98663) Importer(815301076,1909f56bfc062723c751e8b465ee728b) [PhysX] Initialized MultithreadedTaskDispatcher with 16 workers.
[PhysX] Initialized MultithreadedTaskDispatcher with 16 workers.
 -> (artifact id: '404480462649ac1c95363ebf37ca2c08') in 0.005915 seconds
Number of updated asset objects reloaded before import = 0
Number of asset objects unloaded after import = 2
========================================================================
Received Import Request.
  Time since last request: 0.000089 seconds.
  path: Assets/kenney_food-kit/Previews/bag-flat.png
  artifactKey: Guid(59d02c431b439d64aad96b92412b49b6) Importer(815301076,1909f56bfc062723c751e8b465ee728b)
Start importing Assets/kenney_food-kit/Previews/bag-flat.png using Guid(59d02c431b439d64aad96b92412b49b6) Importer(815301076,1909f56bfc062723c751e8b465ee728b) [PhysX] Initialized MultithreadedTaskDispatcher with 16 workers.
[PhysX] Initialized MultithreadedTaskDispatcher with 16 workers.
 -> (artifact id: '8cf9286e17a4877156ef89c5cfd126d4') in 0.005255 seconds
Number of updated asset objects reloaded before import = 0
Number of asset objects unloaded after import = 2
========================================================================
Received Import Request.
  Time since last request: 0.000155 seconds.
  path: Assets/UI Toolkit/UnityThemes/UnityDefaultRuntimeTheme.tss
  artifactKey: Guid(86a78c96b96b14641ac221d318eaa170) Importer(815301076,1909f56bfc062723c751e8b465ee728b)
Start importing Assets/UI Toolkit/UnityThemes/UnityDefaultRuntimeTheme.tss using Guid(86a78c96b96b14641ac221d318eaa170) Importer(815301076,1909f56bfc062723c751e8b465ee728b) [PhysX] Initialized MultithreadedTaskDispatcher with 16 workers.
[PhysX] Initialized MultithreadedTaskDispatcher with 16 workers.
[PhysX] Initialized MultithreadedTaskDispatcher with 16 workers.
[PhysX] Initialized MultithreadedTaskDispatcher with 16 workers.
[PhysX] Initialized MultithreadedTaskDispatcher with 16 workers.
[PhysX] Initialized MultithreadedTaskDispatcher with 16 workers.
[PhysX] Initialized MultithreadedTaskDispatcher with 16 workers.
[PhysX] Initialized MultithreadedTaskDispatcher with 16 workers.
[PhysX] Initialized MultithreadedTaskDispatcher with 16 workers.
[PhysX] Initialized MultithreadedTaskDispatcher with 16 workers.
[PhysX] Initialized MultithreadedTaskDispatcher with 16 workers.
[PhysX] Initialized MultithreadedTaskDispatcher with 16 workers.
[PhysX] Initialized MultithreadedTaskDispatcher with 16 workers.
[PhysX] Initialized MultithreadedTaskDispatcher with 16 workers.
[PhysX] Initialized MultithreadedTaskDispatcher with 16 workers.
[PhysX] Initialized MultithreadedTaskDispatcher with 16 workers.
[PhysX] Initialized MultithreadedTaskDispatcher with 16 workers.
[PhysX] Initialized MultithreadedTaskDispatcher with 16 workers.
[PhysX] Initialized MultithreadedTaskDispatcher with 16 workers.
[PhysX] Initialized MultithreadedTaskDispatcher with 16 workers.
[PhysX] Initialized MultithreadedTaskDispatcher with 16 workers.
 -> (artifact id: 'e994183ed4ed95a379ac6aa0244e909a') in 0.103113 seconds
Number of updated asset objects reloaded before import = 0
Number of asset objects unloaded after import = 24
========================================================================
Received Import Request.
  Time since last request: 343.988181 seconds.
  path: Assets/UI Toolkit/MainMenuStyle.uss
  artifactKey: Guid(7b67214013c341946aef8be1154b7f77) Importer(815301076,1909f56bfc062723c751e8b465ee728b)
Start importing Assets/UI Toolkit/MainMenuStyle.uss using Guid(7b67214013c341946aef8be1154b7f77) Importer(815301076,1909f56bfc062723c751e8b465ee728b) [PhysX] Initialized MultithreadedTaskDispatcher with 16 workers.
 -> (artifact id: '206616e0517115968aacef640c6f233f') in 0.001894 seconds
Number of updated asset objects reloaded before import = 0
Number of asset objects unloaded after import = 1
========================================================================
Received Prepare
Caller must complete domain reload
Begin MonoManager ReloadAssembly
- Loaded All Assemblies, in  0.207 seconds
Native extension for WindowsStandalone target not found
Mono: successfully reloaded assembly
- Finished resetting the current domain, in  0.308 seconds
Domain Reload Profiling: 513ms
	BeginReloadAssembly (131ms)
		ExecutionOrderSort (0ms)
		DisableScriptedObjects (4ms)
		BackupInstance (0ms)
		ReleaseScriptingObjects (0ms)
		CreateAndSetChildDomain (17ms)
	RebuildCommonClasses (33ms)
	RebuildNativeTypeToScriptingClass (11ms)
	initialDomainReloadingComplete (24ms)
	LoadAllAssembliesAndSetupDomain (6ms)
		LoadAssemblies (84ms)
		RebuildTransferFunctionScriptingTraits (0ms)
		AnalyzeDomain (4ms)
			TypeCache.Refresh (3ms)
				TypeCache.ScanAssembly (0ms)
			ScanForSourceGeneratedMonoScriptInfo (0ms)
			ResolveRequiredComponents (0ms)
	FinalizeReload (309ms)
		ReleaseScriptCaches (0ms)
		RebuildScriptCaches (0ms)
		SetupLoadedEditorAssemblies (202ms)
			LogAssemblyErrors (0ms)
			InitializePlatformSupportModulesInManaged (6ms)
			SetLoadedEditorAssemblies (5ms)
			RefreshPlugins (0ms)
			BeforeProcessingInitializeOnLoad (28ms)
			ProcessInitializeOnLoadAttributes (135ms)
			ProcessInitializeOnLoadMethodAttributes (19ms)
			AfterProcessingInitializeOnLoad (9ms)
			EditorAssembliesLoaded (0ms)
		ExecutionOrderSort2 (0ms)
		AwakeInstancesAfterBackupRestoration (10ms)
Refreshing native plugins compatible for Editor in 0.00 ms, found 0 plugins.
Preloading 0 native plugins for Editor in 0.00 ms.
Unloading 2 Unused Serialized files (Serialized files now loaded: 0)
Unloading 1 unused Assets / (5.3 KB). Loaded Objects now: 548.
Memory consumption went from 64.3 MB to 64.3 MB.
Total: 1.915200 ms (FindLiveObjects: 0.040100 ms CreateObjectMapping: 0.003100 ms MarkObjects: 1.858100 ms  DeleteObjects: 0.013000 ms)

Prepare: number of updated asset objects reloaded= 0
AssetImportParameters requested are different than current active one (requested -> active):
  custom:video-decoder-ogg-theora: a1e56fd34408186e4bbccfd4996cb3dc -> 
  custom:container-muxer-webm: aa71ff27fc2769a1b78a27578f13a17b -> 
  custom:container-demuxer-webm: 4f35f7cbe854078d1ac9338744f61a02 -> 
  custom:video-encoder-webm-vp8: eb34c28f22e8b96e1ab97ce403110664 -> 
  custom:CustomObjectIndexerAttribute: 9a22284fe3817be447336de3de66b15e -> 
  custom:audio-encoder-webm-vorbis: bf7c407c2cedff20999df2af8eb42d56 -> 
  custom:framework-win-MediaFoundation: 216162199b28c13a410421893ffa2e32 -> 
  custom:SearchIndexIgnoredProperties: e643bd26f0fe6173181afceb89e7c659 -> 
  custom:container-demuxer-ogg: 62fdf1f143b41e24485cea50d1cbac27 -> 
  custom:video-decoder-webm-vp8: 9c59270c3fd7afecdb556c50c9e8de78 -> 
  custom:audio-decoder-ogg-vorbis: bf7c407c2cedff20999df2af8eb42d56 -> 
  custom:AudioImporter_EditorPlatform: d09bf68614088b80899f8185d706f6e7 -> 
========================================================================
Received Prepare
Caller must complete domain reload
Begin MonoManager ReloadAssembly
- Loaded All Assemblies, in  0.208 seconds
Native extension for WindowsStandalone target not found
Mono: successfully reloaded assembly
- Finished resetting the current domain, in  0.326 seconds
Domain Reload Profiling: 533ms
	BeginReloadAssembly (131ms)
		ExecutionOrderSort (0ms)
		DisableScriptedObjects (5ms)
		BackupInstance (0ms)
		ReleaseScriptingObjects (0ms)
		CreateAndSetChildDomain (17ms)
	RebuildCommonClasses (35ms)
	RebuildNativeTypeToScriptingClass (12ms)
	initialDomainReloadingComplete (23ms)
	LoadAllAssembliesAndSetupDomain (6ms)
		LoadAssemblies (83ms)
		RebuildTransferFunctionScriptingTraits (0ms)
		AnalyzeDomain (4ms)
			TypeCache.Refresh (3ms)
				TypeCache.ScanAssembly (0ms)
			ScanForSourceGeneratedMonoScriptInfo (0ms)
			ResolveRequiredComponents (0ms)
	FinalizeReload (327ms)
		ReleaseScriptCaches (0ms)
		RebuildScriptCaches (0ms)
		SetupLoadedEditorAssemblies (207ms)
			LogAssemblyErrors (0ms)
			InitializePlatformSupportModulesInManaged (7ms)
			SetLoadedEditorAssemblies (6ms)
			RefreshPlugins (0ms)
			BeforeProcessingInitializeOnLoad (29ms)
			ProcessInitializeOnLoadAttributes (139ms)
			ProcessInitializeOnLoadMethodAttributes (18ms)
			AfterProcessingInitializeOnLoad (9ms)
			EditorAssembliesLoaded (0ms)
		ExecutionOrderSort2 (0ms)
		AwakeInstancesAfterBackupRestoration (12ms)
Refreshing native plugins compatible for Editor in 0.00 ms, found 0 plugins.
Preloading 0 native plugins for Editor in 0.00 ms.
Unloading 3 Unused Serialized files (Serialized files now loaded: 0)
Unloading 1 unused Assets / (7.5 KB). Loaded Objects now: 548.
Memory consumption went from 64.6 MB to 64.6 MB.
Total: 1.904100 ms (FindLiveObjects: 0.043100 ms CreateObjectMapping: 0.003100 ms MarkObjects: 1.840200 ms  DeleteObjects: 0.016600 ms)

Prepare: number of updated asset objects reloaded= 0
AssetImportParameters requested are different than current active one (requested -> active):
  custom:video-decoder-ogg-theora: a1e56fd34408186e4bbccfd4996cb3dc -> 
  custom:container-muxer-webm: aa71ff27fc2769a1b78a27578f13a17b -> 
  custom:container-demuxer-webm: 4f35f7cbe854078d1ac9338744f61a02 -> 
  custom:video-encoder-webm-vp8: eb34c28f22e8b96e1ab97ce403110664 -> 
  custom:CustomObjectIndexerAttribute: 9a22284fe3817be447336de3de66b15e -> 
  custom:audio-encoder-webm-vorbis: bf7c407c2cedff20999df2af8eb42d56 -> 
  custom:framework-win-MediaFoundation: 216162199b28c13a410421893ffa2e32 -> 
  custom:SearchIndexIgnoredProperties: e643bd26f0fe6173181afceb89e7c659 -> 
  custom:container-demuxer-ogg: 62fdf1f143b41e24485cea50d1cbac27 -> 
  custom:video-decoder-webm-vp8: 9c59270c3fd7afecdb556c50c9e8de78 -> 
  custom:audio-decoder-ogg-vorbis: bf7c407c2cedff20999df2af8eb42d56 -> 
  custom:AudioImporter_EditorPlatform: d09bf68614088b80899f8185d706f6e7 -> 
========================================================================
Received Prepare
Caller must complete domain reload
Begin MonoManager ReloadAssembly
- Loaded All Assemblies, in  0.218 seconds
Native extension for WindowsStandalone target not found
Mono: successfully reloaded assembly
- Finished resetting the current domain, in  0.341 seconds
Domain Reload Profiling: 557ms
	BeginReloadAssembly (137ms)
		ExecutionOrderSort (0ms)
		DisableScriptedObjects (6ms)
		BackupInstance (0ms)
		ReleaseScriptingObjects (0ms)
		CreateAndSetChildDomain (16ms)
	RebuildCommonClasses (35ms)
	RebuildNativeTypeToScriptingClass (12ms)
	initialDomainReloadingComplete (23ms)
	LoadAllAssembliesAndSetupDomain (8ms)
		LoadAssemblies (85ms)
		RebuildTransferFunctionScriptingTraits (0ms)
		AnalyzeDomain (6ms)
			TypeCache.Refresh (4ms)
				TypeCache.ScanAssembly (0ms)
			ScanForSourceGeneratedMonoScriptInfo (0ms)
			ResolveRequiredComponents (0ms)
	FinalizeReload (341ms)
		ReleaseScriptCaches (0ms)
		RebuildScriptCaches (0ms)
		SetupLoadedEditorAssemblies (215ms)
			LogAssemblyErrors (0ms)
			InitializePlatformSupportModulesInManaged (7ms)
			SetLoadedEditorAssemblies (5ms)
			RefreshPlugins (0ms)
			BeforeProcessingInitializeOnLoad (30ms)
			ProcessInitializeOnLoadAttributes (146ms)
			ProcessInitializeOnLoadMethodAttributes (17ms)
			AfterProcessingInitializeOnLoad (11ms)
			EditorAssembliesLoaded (0ms)
		ExecutionOrderSort2 (0ms)
		AwakeInstancesAfterBackupRestoration (10ms)
Refreshing native plugins compatible for Editor in 0.00 ms, found 0 plugins.
Preloading 0 native plugins for Editor in 0.00 ms.
Unloading 3 Unused Serialized files (Serialized files now loaded: 0)
Unloading 1 unused Assets / (7.5 KB). Loaded Objects now: 548.
Memory consumption went from 64.6 MB to 64.6 MB.
Total: 1.936400 ms (FindLiveObjects: 0.042300 ms CreateObjectMapping: 0.003900 ms MarkObjects: 1.875300 ms  DeleteObjects: 0.014200 ms)

Prepare: number of updated asset objects reloaded= 0
AssetImportParameters requested are different than current active one (requested -> active):
  custom:video-decoder-ogg-theora: a1e56fd34408186e4bbccfd4996cb3dc -> 
  custom:container-muxer-webm: aa71ff27fc2769a1b78a27578f13a17b -> 
  custom:container-demuxer-webm: 4f35f7cbe854078d1ac9338744f61a02 -> 
  custom:video-encoder-webm-vp8: eb34c28f22e8b96e1ab97ce403110664 -> 
  custom:CustomObjectIndexerAttribute: 9a22284fe3817be447336de3de66b15e -> 
  custom:audio-encoder-webm-vorbis: bf7c407c2cedff20999df2af8eb42d56 -> 
  custom:framework-win-MediaFoundation: 216162199b28c13a410421893ffa2e32 -> 
  custom:SearchIndexIgnoredProperties: e643bd26f0fe6173181afceb89e7c659 -> 
  custom:container-demuxer-ogg: 62fdf1f143b41e24485cea50d1cbac27 -> 
  custom:video-decoder-webm-vp8: 9c59270c3fd7afecdb556c50c9e8de78 -> 
  custom:audio-decoder-ogg-vorbis: bf7c407c2cedff20999df2af8eb42d56 -> 
  custom:AudioImporter_EditorPlatform: d09bf68614088b80899f8185d706f6e7 -> 
========================================================================
Received Prepare
Caller must complete domain reload
Begin MonoManager ReloadAssembly
- Loaded All Assemblies, in  0.213 seconds
Native extension for WindowsStandalone target not found
Mono: successfully reloaded assembly
- Finished resetting the current domain, in  0.310 seconds
Domain Reload Profiling: 521ms
	BeginReloadAssembly (138ms)
		ExecutionOrderSort (0ms)
		DisableScriptedObjects (5ms)
		BackupInstance (0ms)
		ReleaseScriptingObjects (0ms)
		CreateAndSetChildDomain (17ms)
	RebuildCommonClasses (33ms)
	RebuildNativeTypeToScriptingClass (11ms)
	initialDomainReloadingComplete (22ms)
	LoadAllAssembliesAndSetupDomain (6ms)
		LoadAssemblies (90ms)
		RebuildTransferFunctionScriptingTraits (0ms)
		AnalyzeDomain (4ms)
			TypeCache.Refresh (3ms)
				TypeCache.ScanAssembly (0ms)
			ScanForSourceGeneratedMonoScriptInfo (0ms)
			ResolveRequiredComponents (0ms)
	FinalizeReload (310ms)
		ReleaseScriptCaches (0ms)
		RebuildScriptCaches (0ms)
		SetupLoadedEditorAssemblies (203ms)
			LogAssemblyErrors (0ms)
			InitializePlatformSupportModulesInManaged (7ms)
			SetLoadedEditorAssemblies (5ms)
			RefreshPlugins (0ms)
			BeforeProcessingInitializeOnLoad (28ms)
			ProcessInitializeOnLoadAttributes (138ms)
			ProcessInitializeOnLoadMethodAttributes (17ms)
			AfterProcessingInitializeOnLoad (8ms)
			EditorAssembliesLoaded (0ms)
		ExecutionOrderSort2 (0ms)
		AwakeInstancesAfterBackupRestoration (9ms)
Refreshing native plugins compatible for Editor in 0.00 ms, found 0 plugins.
Preloading 0 native plugins for Editor in 0.00 ms.
Unloading 3 Unused Serialized files (Serialized files now loaded: 0)
Unloading 1 unused Assets / (7.5 KB). Loaded Objects now: 548.
Memory consumption went from 64.6 MB to 64.6 MB.
Total: 1.961000 ms (FindLiveObjects: 0.041600 ms CreateObjectMapping: 0.002800 ms MarkObjects: 1.901200 ms  DeleteObjects: 0.014700 ms)

Prepare: number of updated asset objects reloaded= 0
AssetImportParameters requested are different than current active one (requested -> active):
  custom:video-decoder-ogg-theora: a1e56fd34408186e4bbccfd4996cb3dc -> 
  custom:container-muxer-webm: aa71ff27fc2769a1b78a27578f13a17b -> 
  custom:container-demuxer-webm: 4f35f7cbe854078d1ac9338744f61a02 -> 
  custom:video-encoder-webm-vp8: eb34c28f22e8b96e1ab97ce403110664 -> 
  custom:CustomObjectIndexerAttribute: 9a22284fe3817be447336de3de66b15e -> 
  custom:audio-encoder-webm-vorbis: bf7c407c2cedff20999df2af8eb42d56 -> 
  custom:framework-win-MediaFoundation: 216162199b28c13a410421893ffa2e32 -> 
  custom:SearchIndexIgnoredProperties: e643bd26f0fe6173181afceb89e7c659 -> 
  custom:container-demuxer-ogg: 62fdf1f143b41e24485cea50d1cbac27 -> 
  custom:video-decoder-webm-vp8: 9c59270c3fd7afecdb556c50c9e8de78 -> 
  custom:audio-decoder-ogg-vorbis: bf7c407c2cedff20999df2af8eb42d56 -> 
  custom:AudioImporter_EditorPlatform: d09bf68614088b80899f8185d706f6e7 -> 
========================================================================
Received Prepare
Caller must complete domain reload
Begin MonoManager ReloadAssembly
- Loaded All Assemblies, in  0.202 seconds
Native extension for WindowsStandalone target not found
Mono: successfully reloaded assembly
- Finished resetting the current domain, in  0.301 seconds
Domain Reload Profiling: 501ms
	BeginReloadAssembly (129ms)
		ExecutionOrderSort (0ms)
		DisableScriptedObjects (6ms)
		BackupInstance (0ms)
		ReleaseScriptingObjects (0ms)
		CreateAndSetChildDomain (16ms)
	RebuildCommonClasses (31ms)
	RebuildNativeTypeToScriptingClass (11ms)
	initialDomainReloadingComplete (23ms)
	LoadAllAssembliesAndSetupDomain (6ms)
		LoadAssemblies (80ms)
		RebuildTransferFunctionScriptingTraits (0ms)
		AnalyzeDomain (4ms)
			TypeCache.Refresh (3ms)
				TypeCache.ScanAssembly (0ms)
			ScanForSourceGeneratedMonoScriptInfo (0ms)
			ResolveRequiredComponents (0ms)
	FinalizeReload (301ms)
		ReleaseScriptCaches (0ms)
		RebuildScriptCaches (0ms)
		SetupLoadedEditorAssemblies (197ms)
			LogAssemblyErrors (0ms)
			InitializePlatformSupportModulesInManaged (6ms)
			SetLoadedEditorAssemblies (5ms)
			RefreshPlugins (0ms)
			BeforeProcessingInitializeOnLoad (28ms)
			ProcessInitializeOnLoadAttributes (133ms)
			ProcessInitializeOnLoadMethodAttributes (17ms)
			AfterProcessingInitializeOnLoad (8ms)
			EditorAssembliesLoaded (0ms)
		ExecutionOrderSort2 (0ms)
		AwakeInstancesAfterBackupRestoration (9ms)
Refreshing native plugins compatible for Editor in 0.00 ms, found 0 plugins.
Preloading 0 native plugins for Editor in 0.00 ms.
Unloading 3 Unused Serialized files (Serialized files now loaded: 0)
Unloading 1 unused Assets / (7.5 KB). Loaded Objects now: 548.
Memory consumption went from 64.6 MB to 64.6 MB.
Total: 2.059000 ms (FindLiveObjects: 0.047100 ms CreateObjectMapping: 0.003200 ms MarkObjects: 1.991900 ms  DeleteObjects: 0.016000 ms)

Prepare: number of updated asset objects reloaded= 0
AssetImportParameters requested are different than current active one (requested -> active):
  custom:video-decoder-ogg-theora: a1e56fd34408186e4bbccfd4996cb3dc -> 
  custom:container-muxer-webm: aa71ff27fc2769a1b78a27578f13a17b -> 
  custom:container-demuxer-webm: 4f35f7cbe854078d1ac9338744f61a02 -> 
  custom:video-encoder-webm-vp8: eb34c28f22e8b96e1ab97ce403110664 -> 
  custom:CustomObjectIndexerAttribute: 9a22284fe3817be447336de3de66b15e -> 
  custom:audio-encoder-webm-vorbis: bf7c407c2cedff20999df2af8eb42d56 -> 
  custom:framework-win-MediaFoundation: 216162199b28c13a410421893ffa2e32 -> 
  custom:SearchIndexIgnoredProperties: e643bd26f0fe6173181afceb89e7c659 -> 
  custom:container-demuxer-ogg: 62fdf1f143b41e24485cea50d1cbac27 -> 
  custom:video-decoder-webm-vp8: 9c59270c3fd7afecdb556c50c9e8de78 -> 
  custom:audio-decoder-ogg-vorbis: bf7c407c2cedff20999df2af8eb42d56 -> 
  custom:AudioImporter_EditorPlatform: d09bf68614088b80899f8185d706f6e7 -> 
========================================================================
Received Prepare
Caller must complete domain reload
Begin MonoManager ReloadAssembly
- Loaded All Assemblies, in  0.205 seconds
Native extension for WindowsStandalone target not found
Mono: successfully reloaded assembly
- Finished resetting the current domain, in  0.302 seconds
Domain Reload Profiling: 505ms
	BeginReloadAssembly (131ms)
		ExecutionOrderSort (0ms)
		DisableScriptedObjects (5ms)
		BackupInstance (0ms)
		ReleaseScriptingObjects (0ms)
		CreateAndSetChildDomain (15ms)
	RebuildCommonClasses (32ms)
	RebuildNativeTypeToScriptingClass (11ms)
	initialDomainReloadingComplete (23ms)
	LoadAllAssembliesAndSetupDomain (6ms)
		LoadAssemblies (85ms)
		RebuildTransferFunctionScriptingTraits (0ms)
		AnalyzeDomain (4ms)
			TypeCache.Refresh (3ms)
				TypeCache.ScanAssembly (0ms)
			ScanForSourceGeneratedMonoScriptInfo (0ms)
			ResolveRequiredComponents (0ms)
	FinalizeReload (302ms)
		ReleaseScriptCaches (0ms)
		RebuildScriptCaches (0ms)
		SetupLoadedEditorAssemblies (198ms)
			LogAssemblyErrors (0ms)
			InitializePlatformSupportModulesInManaged (6ms)
			SetLoadedEditorAssemblies (5ms)
			RefreshPlugins (0ms)
			BeforeProcessingInitializeOnLoad (27ms)
			ProcessInitializeOnLoadAttributes (135ms)
			ProcessInitializeOnLoadMethodAttributes (17ms)
			AfterProcessingInitializeOnLoad (8ms)
			EditorAssembliesLoaded (0ms)
		ExecutionOrderSort2 (0ms)
		AwakeInstancesAfterBackupRestoration (9ms)
Refreshing native plugins compatible for Editor in 0.00 ms, found 0 plugins.
Preloading 0 native plugins for Editor in 0.00 ms.
Unloading 3 Unused Serialized files (Serialized files now loaded: 0)
Unloading 1 unused Assets / (7.5 KB). Loaded Objects now: 548.
Memory consumption went from 64.6 MB to 64.6 MB.
Total: 2.113300 ms (FindLiveObjects: 0.044600 ms CreateObjectMapping: 0.003200 ms MarkObjects: 2.047800 ms  DeleteObjects: 0.016900 ms)

Prepare: number of updated asset objects reloaded= 0
AssetImportParameters requested are different than current active one (requested -> active):
  custom:video-decoder-ogg-theora: a1e56fd34408186e4bbccfd4996cb3dc -> 
  custom:container-muxer-webm: aa71ff27fc2769a1b78a27578f13a17b -> 
  custom:container-demuxer-webm: 4f35f7cbe854078d1ac9338744f61a02 -> 
  custom:video-encoder-webm-vp8: eb34c28f22e8b96e1ab97ce403110664 -> 
  custom:CustomObjectIndexerAttribute: 9a22284fe3817be447336de3de66b15e -> 
  custom:audio-encoder-webm-vorbis: bf7c407c2cedff20999df2af8eb42d56 -> 
  custom:framework-win-MediaFoundation: 216162199b28c13a410421893ffa2e32 -> 
  custom:SearchIndexIgnoredProperties: e643bd26f0fe6173181afceb89e7c659 -> 
  custom:container-demuxer-ogg: 62fdf1f143b41e24485cea50d1cbac27 -> 
  custom:video-decoder-webm-vp8: 9c59270c3fd7afecdb556c50c9e8de78 -> 
  custom:audio-decoder-ogg-vorbis: bf7c407c2cedff20999df2af8eb42d56 -> 
  custom:AudioImporter_EditorPlatform: d09bf68614088b80899f8185d706f6e7 -> 
========================================================================
Received Prepare
Caller must complete domain reload
Begin MonoManager ReloadAssembly
- Loaded All Assemblies, in  0.203 seconds
Native extension for WindowsStandalone target not found
Mono: successfully reloaded assembly
- Finished resetting the current domain, in  0.310 seconds
Domain Reload Profiling: 512ms
	BeginReloadAssembly (126ms)
		ExecutionOrderSort (0ms)
		DisableScriptedObjects (5ms)
		BackupInstance (0ms)
		ReleaseScriptingObjects (0ms)
		CreateAndSetChildDomain (15ms)
	RebuildCommonClasses (31ms)
	RebuildNativeTypeToScriptingClass (11ms)
	initialDomainReloadingComplete (25ms)
	LoadAllAssembliesAndSetupDomain (7ms)
		LoadAssemblies (81ms)
		RebuildTransferFunctionScriptingTraits (0ms)
		AnalyzeDomain (5ms)
			TypeCache.Refresh (3ms)
				TypeCache.ScanAssembly (0ms)
			ScanForSourceGeneratedMonoScriptInfo (0ms)
			ResolveRequiredComponents (1ms)
	FinalizeReload (311ms)
		ReleaseScriptCaches (0ms)
		RebuildScriptCaches (0ms)
		SetupLoadedEditorAssemblies (202ms)
			LogAssemblyErrors (0ms)
			InitializePlatformSupportModulesInManaged (8ms)
			SetLoadedEditorAssemblies (5ms)
			RefreshPlugins (0ms)
			BeforeProcessingInitializeOnLoad (28ms)
			ProcessInitializeOnLoadAttributes (136ms)
			ProcessInitializeOnLoadMethodAttributes (17ms)
			AfterProcessingInitializeOnLoad (8ms)
			EditorAssembliesLoaded (0ms)
		ExecutionOrderSort2 (0ms)
		AwakeInstancesAfterBackupRestoration (9ms)
Refreshing native plugins compatible for Editor in 0.00 ms, found 0 plugins.
Preloading 0 native plugins for Editor in 0.00 ms.
Unloading 3 Unused Serialized files (Serialized files now loaded: 0)
Unloading 1 unused Assets / (7.5 KB). Loaded Objects now: 548.
Memory consumption went from 64.6 MB to 64.6 MB.
Total: 2.132700 ms (FindLiveObjects: 0.050700 ms CreateObjectMapping: 0.004700 ms MarkObjects: 2.060000 ms  DeleteObjects: 0.016000 ms)

Prepare: number of updated asset objects reloaded= 0
AssetImportParameters requested are different than current active one (requested -> active):
  custom:video-decoder-ogg-theora: a1e56fd34408186e4bbccfd4996cb3dc -> 
  custom:container-muxer-webm: aa71ff27fc2769a1b78a27578f13a17b -> 
  custom:container-demuxer-webm: 4f35f7cbe854078d1ac9338744f61a02 -> 
  custom:video-encoder-webm-vp8: eb34c28f22e8b96e1ab97ce403110664 -> 
  custom:CustomObjectIndexerAttribute: 9a22284fe3817be447336de3de66b15e -> 
  custom:audio-encoder-webm-vorbis: bf7c407c2cedff20999df2af8eb42d56 -> 
  custom:framework-win-MediaFoundation: 216162199b28c13a410421893ffa2e32 -> 
  custom:SearchIndexIgnoredProperties: e643bd26f0fe6173181afceb89e7c659 -> 
  custom:container-demuxer-ogg: 62fdf1f143b41e24485cea50d1cbac27 -> 
  custom:video-decoder-webm-vp8: 9c59270c3fd7afecdb556c50c9e8de78 -> 
  custom:audio-decoder-ogg-vorbis: bf7c407c2cedff20999df2af8eb42d56 -> 
  custom:AudioImporter_EditorPlatform: d09bf68614088b80899f8185d706f6e7 -> 
========================================================================
Received Prepare
Caller must complete domain reload
Begin MonoManager ReloadAssembly
- Loaded All Assemblies, in  0.207 seconds
Native extension for WindowsStandalone target not found
Mono: successfully reloaded assembly
- Finished resetting the current domain, in  0.304 seconds
Domain Reload Profiling: 509ms
	BeginReloadAssembly (132ms)
		ExecutionOrderSort (0ms)
		DisableScriptedObjects (5ms)
		BackupInstance (0ms)
		ReleaseScriptingObjects (0ms)
		CreateAndSetChildDomain (15ms)
	RebuildCommonClasses (32ms)
	RebuildNativeTypeToScriptingClass (11ms)
	initialDomainReloadingComplete (24ms)
	LoadAllAssembliesAndSetupDomain (6ms)
		LoadAssemblies (86ms)
		RebuildTransferFunctionScriptingTraits (0ms)
		AnalyzeDomain (4ms)
			TypeCache.Refresh (3ms)
				TypeCache.ScanAssembly (0ms)
			ScanForSourceGeneratedMonoScriptInfo (0ms)
			ResolveRequiredComponents (0ms)
	FinalizeReload (304ms)
		ReleaseScriptCaches (0ms)
		RebuildScriptCaches (0ms)
		SetupLoadedEditorAssemblies (196ms)
			LogAssemblyErrors (0ms)
			InitializePlatformSupportModulesInManaged (7ms)
			SetLoadedEditorAssemblies (5ms)
			RefreshPlugins (0ms)
			BeforeProcessingInitializeOnLoad (27ms)
			ProcessInitializeOnLoadAttributes (130ms)
			ProcessInitializeOnLoadMethodAttributes (18ms)
			AfterProcessingInitializeOnLoad (8ms)
			EditorAssembliesLoaded (0ms)
		ExecutionOrderSort2 (0ms)
		AwakeInstancesAfterBackupRestoration (10ms)
Refreshing native plugins compatible for Editor in 0.00 ms, found 0 plugins.
Preloading 0 native plugins for Editor in 0.00 ms.
Unloading 3 Unused Serialized files (Serialized files now loaded: 0)
Unloading 1 unused Assets / (7.5 KB). Loaded Objects now: 548.
Memory consumption went from 64.6 MB to 64.6 MB.
Total: 1.965500 ms (FindLiveObjects: 0.041700 ms CreateObjectMapping: 0.002900 ms MarkObjects: 1.905900 ms  DeleteObjects: 0.014300 ms)

Prepare: number of updated asset objects reloaded= 0
AssetImportParameters requested are different than current active one (requested -> active):
  custom:video-decoder-ogg-theora: a1e56fd34408186e4bbccfd4996cb3dc -> 
  custom:container-muxer-webm: aa71ff27fc2769a1b78a27578f13a17b -> 
  custom:container-demuxer-webm: 4f35f7cbe854078d1ac9338744f61a02 -> 
  custom:video-encoder-webm-vp8: eb34c28f22e8b96e1ab97ce403110664 -> 
  custom:CustomObjectIndexerAttribute: 9a22284fe3817be447336de3de66b15e -> 
  custom:audio-encoder-webm-vorbis: bf7c407c2cedff20999df2af8eb42d56 -> 
  custom:framework-win-MediaFoundation: 216162199b28c13a410421893ffa2e32 -> 
  custom:SearchIndexIgnoredProperties: e643bd26f0fe6173181afceb89e7c659 -> 
  custom:container-demuxer-ogg: 62fdf1f143b41e24485cea50d1cbac27 -> 
  custom:video-decoder-webm-vp8: 9c59270c3fd7afecdb556c50c9e8de78 -> 
  custom:audio-decoder-ogg-vorbis: bf7c407c2cedff20999df2af8eb42d56 -> 
  custom:AudioImporter_EditorPlatform: d09bf68614088b80899f8185d706f6e7 -> 
========================================================================
Received Import Request.
  Time since last request: 828.938847 seconds.
  path: Assets/Pictures/Materials/cartoon-wooden-texture-wood-planks-decorative-vector-51932194.mat
  artifactKey: Guid(f1c12f367bf17e24ba9329031e26e733) Importer(815301076,1909f56bfc062723c751e8b465ee728b)
Start importing Assets/Pictures/Materials/cartoon-wooden-texture-wood-planks-decorative-vector-51932194.mat using Guid(f1c12f367bf17e24ba9329031e26e733) Importer(815301076,1909f56bfc062723c751e8b465ee728b) [PhysX] Initialized MultithreadedTaskDispatcher with 16 workers.
[PhysX] Initialized MultithreadedTaskDispatcher with 16 workers.
 -> (artifact id: '15de991f48e7ec7bfcc6a4976efe33e3') in 0.152454 seconds
Number of updated asset objects reloaded before import = 0
Number of asset objects unloaded after import = 1
========================================================================
Received Import Request.
  Time since last request: 5.781022 seconds.
  path: Assets/kenney_tower-defense-kit/Preview (Variation A).png
  artifactKey: Guid(0add545f42eb3f04dad7f0788bd5f355) Importer(815301076,1909f56bfc062723c751e8b465ee728b)
Start importing Assets/kenney_tower-defense-kit/Preview (Variation A).png using Guid(0add545f42eb3f04dad7f0788bd5f355) Importer(815301076,1909f56bfc062723c751e8b465ee728b) [PhysX] Initialized MultithreadedTaskDispatcher with 16 workers.
[PhysX] Initialized MultithreadedTaskDispatcher with 16 workers.
 -> (artifact id: '022f62d004be9555540b4647e601c9ac') in 0.012258 seconds
Number of updated asset objects reloaded before import = 0
Number of asset objects unloaded after import = 2
========================================================================
Received Import Request.
  Time since last request: 2.370268 seconds.
  path: Assets/kenney_furniture-kit/Sample.png
  artifactKey: Guid(56ce1bf3272fc1c43b92f04d62069799) Importer(815301076,1909f56bfc062723c751e8b465ee728b)
Start importing Assets/kenney_furniture-kit/Sample.png using Guid(56ce1bf3272fc1c43b92f04d62069799) Importer(815301076,1909f56bfc062723c751e8b465ee728b) [PhysX] Initialized MultithreadedTaskDispatcher with 16 workers.
[PhysX] Initialized MultithreadedTaskDispatcher with 16 workers.
 -> (artifact id: '4ce779a391b99cec10494380b64e77c5') in 0.005959 seconds
Number of updated asset objects reloaded before import = 0
Number of asset objects unloaded after import = 2
========================================================================
Received Import Request.
  Time since last request: 7.257426 seconds.
  path: Assets/Cartoon_Texture_Pack/GRASS/GRASS_Dense/GRASS_Dense_Tint_01/Textures/Grass_Dense_Tint_01_Base_Basecolor_A.png
  artifactKey: Guid(819311b7a66a8f740b104cf9f9ffadf5) Importer(815301076,1909f56bfc062723c751e8b465ee728b)
Start importing Assets/Cartoon_Texture_Pack/GRASS/GRASS_Dense/GRASS_Dense_Tint_01/Textures/Grass_Dense_Tint_01_Base_Basecolor_A.png using Guid(819311b7a66a8f740b104cf9f9ffadf5) Importer(815301076,1909f56bfc062723c751e8b465ee728b) [PhysX] Initialized MultithreadedTaskDispatcher with 16 workers.
[PhysX] Initialized MultithreadedTaskDispatcher with 16 workers.
 -> (artifact id: 'bbe3417e36ca33853dd8fa5bf0a086c5') in 0.020474 seconds
Number of updated asset objects reloaded before import = 0
Number of asset objects unloaded after import = 2
========================================================================
Received Import Request.
  Time since last request: 0.000458 seconds.
  path: Assets/Cartoon_Texture_Pack/GRASS/GRASS_Dense/GRASS_Dense_Tint_01/Textures/Grass_Dense_Tint_01_Base_Basecolor_B.png
  artifactKey: Guid(1acff9429044bf4469ddf77481156ff0) Importer(815301076,1909f56bfc062723c751e8b465ee728b)
Start importing Assets/Cartoon_Texture_Pack/GRASS/GRASS_Dense/GRASS_Dense_Tint_01/Textures/Grass_Dense_Tint_01_Base_Basecolor_B.png using Guid(1acff9429044bf4469ddf77481156ff0) Importer(815301076,1909f56bfc062723c751e8b465ee728b) [PhysX] Initialized MultithreadedTaskDispatcher with 16 workers.
[PhysX] Initialized MultithreadedTaskDispatcher with 16 workers.
 -> (artifact id: 'f5c80eb62c7add75aae947ea79db8765') in 0.017558 seconds
Number of updated asset objects reloaded before import = 0
Number of asset objects unloaded after import = 2
========================================================================
Received Import Request.
  Time since last request: 0.000045 seconds.
  path: Assets/Cartoon_Texture_Pack/GRASS/GRASS_Dense/GRASS_Dense_Tint_01/Textures/Grass_Dense_Tint_01_Leaves_A_Basecolor.png
  artifactKey: Guid(e65e8c6f286469944a22f2777d8e870c) Importer(815301076,1909f56bfc062723c751e8b465ee728b)
Start importing Assets/Cartoon_Texture_Pack/GRASS/GRASS_Dense/GRASS_Dense_Tint_01/Textures/Grass_Dense_Tint_01_Leaves_A_Basecolor.png using Guid(e65e8c6f286469944a22f2777d8e870c) Importer(815301076,1909f56bfc062723c751e8b465ee728b) [PhysX] Initialized MultithreadedTaskDispatcher with 16 workers.
[PhysX] Initialized MultithreadedTaskDispatcher with 16 workers.
 -> (artifact id: '0f80ac0b093d0e3218acdbc1cde759d8') in 0.017618 seconds
Number of updated asset objects reloaded before import = 0
Number of asset objects unloaded after import = 2
========================================================================
Received Import Request.
  Time since last request: 0.000053 seconds.
  path: Assets/Cartoon_Texture_Pack/GRASS/GRASS_Dense/GRASS_Dense_Tint_01/Textures/Grass_Dense_Tint_01_Base_Normal.png
  artifactKey: Guid(8b6ec8cd3adbc7a45a52309309dff911) Importer(815301076,1909f56bfc062723c751e8b465ee728b)
Start importing Assets/Cartoon_Texture_Pack/GRASS/GRASS_Dense/GRASS_Dense_Tint_01/Textures/Grass_Dense_Tint_01_Base_Normal.png using Guid(8b6ec8cd3adbc7a45a52309309dff911) Importer(815301076,1909f56bfc062723c751e8b465ee728b) [PhysX] Initialized MultithreadedTaskDispatcher with 16 workers.
[PhysX] Initialized MultithreadedTaskDispatcher with 16 workers.
 -> (artifact id: 'c83f59b44e6fe3363635bff4dc75ab3b') in 0.035741 seconds
Number of updated asset objects reloaded before import = 0
Number of asset objects unloaded after import = 2
========================================================================
Received Import Request.
  Time since last request: 0.000027 seconds.
  path: Assets/Cartoon_Texture_Pack/GRASS/GRASS_Dense/GRASS_Dense_Tint_01/Textures/Grass_Dense_Tint_01_Leaves_A_AO.png
  artifactKey: Guid(438719456ebb7dc44b22000c4571a4ea) Importer(815301076,1909f56bfc062723c751e8b465ee728b)
Start importing Assets/Cartoon_Texture_Pack/GRASS/GRASS_Dense/GRASS_Dense_Tint_01/Textures/Grass_Dense_Tint_01_Leaves_A_AO.png using Guid(438719456ebb7dc44b22000c4571a4ea) Importer(815301076,1909f56bfc062723c751e8b465ee728b) [PhysX] Initialized MultithreadedTaskDispatcher with 16 workers.
[PhysX] Initialized MultithreadedTaskDispatcher with 16 workers.
 -> (artifact id: '0484c9a795d743e64128d3433e97c76a') in 0.017343 seconds
Number of updated asset objects reloaded before import = 0
Number of asset objects unloaded after import = 2
========================================================================
Received Import Request.
  Time since last request: 0.000138 seconds.
  path: Assets/Cartoon_Texture_Pack/GRASS/GRASS_Dense/GRASS_Dense_Tint_01/Textures/Grass_Dense_Tint_01_Leaves_B_Normal.png
  artifactKey: Guid(0f84519bcde78484388818cad0da1439) Importer(815301076,1909f56bfc062723c751e8b465ee728b)
Start importing Assets/Cartoon_Texture_Pack/GRASS/GRASS_Dense/GRASS_Dense_Tint_01/Textures/Grass_Dense_Tint_01_Leaves_B_Normal.png using Guid(0f84519bcde78484388818cad0da1439) Importer(815301076,1909f56bfc062723c751e8b465ee728b) [PhysX] Initialized MultithreadedTaskDispatcher with 16 workers.
[PhysX] Initialized MultithreadedTaskDispatcher with 16 workers.
 -> (artifact id: '32a08231ea57adaf0e57dfcae523d965') in 0.018659 seconds
Number of updated asset objects reloaded before import = 0
Number of asset objects unloaded after import = 2
========================================================================
Received Import Request.
  Time since last request: 0.000075 seconds.
  path: Assets/Cartoon_Texture_Pack/GRASS/GRASS_Dense/GRASS_Dense_Tint_01/Textures/Grass_Dense_Tint_01_Leaves_A_Normal.png
  artifactKey: Guid(f857da3d8b701944baaf2af770407084) Importer(815301076,1909f56bfc062723c751e8b465ee728b)
Start importing Assets/Cartoon_Texture_Pack/GRASS/GRASS_Dense/GRASS_Dense_Tint_01/Textures/Grass_Dense_Tint_01_Leaves_A_Normal.png using Guid(f857da3d8b701944baaf2af770407084) Importer(815301076,1909f56bfc062723c751e8b465ee728b) [PhysX] Initialized MultithreadedTaskDispatcher with 16 workers.
[PhysX] Initialized MultithreadedTaskDispatcher with 16 workers.
 -> (artifact id: 'ea0f2109831c54302a7557fa52842fd8') in 0.023220 seconds
Number of updated asset objects reloaded before import = 0
Number of asset objects unloaded after import = 2
========================================================================
Received Import Request.
  Time since last request: 0.000052 seconds.
  path: Assets/Cartoon_Texture_Pack/GRASS/GRASS_Dense/GRASS_Dense_Tint_01/Textures/Grass_Dense_Tint_01_Leaves_A_Metallic.png
  artifactKey: Guid(2391acbc368b2784f8b045f39a947221) Importer(815301076,1909f56bfc062723c751e8b465ee728b)
Start importing Assets/Cartoon_Texture_Pack/GRASS/GRASS_Dense/GRASS_Dense_Tint_01/Textures/Grass_Dense_Tint_01_Leaves_A_Metallic.png using Guid(2391acbc368b2784f8b045f39a947221) Importer(815301076,1909f56bfc062723c751e8b465ee728b) [PhysX] Initialized MultithreadedTaskDispatcher with 16 workers.
[PhysX] Initialized MultithreadedTaskDispatcher with 16 workers.
 -> (artifact id: 'bd9e91cd6100445cc32752a63dd01982') in 0.020076 seconds
Number of updated asset objects reloaded before import = 0
Number of asset objects unloaded after import = 2
========================================================================
Received Import Request.
  Time since last request: 0.000055 seconds.
  path: Assets/Cartoon_Texture_Pack/GRASS/GRASS_Dense/GRASS_Dense_Tint_01/Textures/Grass_Dense_Tint_01_Base_Basecolor_C.png
  artifactKey: Guid(84a0082a671cb3642819cc69b89b9353) Importer(815301076,1909f56bfc062723c751e8b465ee728b)
Start importing Assets/Cartoon_Texture_Pack/GRASS/GRASS_Dense/GRASS_Dense_Tint_01/Textures/Grass_Dense_Tint_01_Base_Basecolor_C.png using Guid(84a0082a671cb3642819cc69b89b9353) Importer(815301076,1909f56bfc062723c751e8b465ee728b) [PhysX] Initialized MultithreadedTaskDispatcher with 16 workers.
[PhysX] Initialized MultithreadedTaskDispatcher with 16 workers.
 -> (artifact id: 'ae1e5c922892a15e06aae4c402735e95') in 0.012937 seconds
Number of updated asset objects reloaded before import = 0
Number of asset objects unloaded after import = 2
========================================================================
Received Import Request.
  Time since last request: 12.354980 seconds.
  path: Assets/Cartoon_Texture_Pack/GRASS/GRASS_Flower/GRASS_Flower_Tint_01/Material/Grass_Flower_Tint_01_FlowerBlue_A.mat
  artifactKey: Guid(54a6e50b0e8a8e44bb5de3ca36e3feb9) Importer(815301076,1909f56bfc062723c751e8b465ee728b)
Start importing Assets/Cartoon_Texture_Pack/GRASS/GRASS_Flower/GRASS_Flower_Tint_01/Material/Grass_Flower_Tint_01_FlowerBlue_A.mat using Guid(54a6e50b0e8a8e44bb5de3ca36e3feb9) Importer(815301076,1909f56bfc062723c751e8b465ee728b) [PhysX] Initialized MultithreadedTaskDispatcher with 16 workers.
[PhysX] Initialized MultithreadedTaskDispatcher with 16 workers.
 -> (artifact id: '21e31a449fe769894fd72089ad92544f') in 0.196015 seconds
Number of updated asset objects reloaded before import = 0
Number of asset objects unloaded after import = 6
========================================================================
Received Import Request.
  Time since last request: 0.000019 seconds.
  path: Assets/Cartoon_Texture_Pack/GRASS/GRASS_Flower/GRASS_Flower_Tint_01/Material/Grass_Flower_Tint_01_FlowerYellow_A.mat
  artifactKey: Guid(7767531b8a941a042a8ee276f93d467f) Importer(815301076,1909f56bfc062723c751e8b465ee728b)
Start importing Assets/Cartoon_Texture_Pack/GRASS/GRASS_Flower/GRASS_Flower_Tint_01/Material/Grass_Flower_Tint_01_FlowerYellow_A.mat using Guid(7767531b8a941a042a8ee276f93d467f) Importer(815301076,1909f56bfc062723c751e8b465ee728b) [PhysX] Initialized MultithreadedTaskDispatcher with 16 workers.
[PhysX] Initialized MultithreadedTaskDispatcher with 16 workers.
 -> (artifact id: '7fdd8fbf1bf3b54de86c5b70a533a6cd') in 0.077553 seconds
Number of updated asset objects reloaded before import = 0
Number of asset objects unloaded after import = 6
========================================================================
Received Import Request.
  Time since last request: 0.000024 seconds.
  path: Assets/Cartoon_Texture_Pack/GRASS/GRASS_Flower/GRASS_Flower_Tint_01/Material/Grass_Flower_Tint_01_FlowerYellow_B.mat
  artifactKey: Guid(9f345e69573084a44b4366cc49cdcd63) Importer(815301076,1909f56bfc062723c751e8b465ee728b)
Start importing Assets/Cartoon_Texture_Pack/GRASS/GRASS_Flower/GRASS_Flower_Tint_01/Material/Grass_Flower_Tint_01_FlowerYellow_B.mat using Guid(9f345e69573084a44b4366cc49cdcd63) Importer(815301076,1909f56bfc062723c751e8b465ee728b) [PhysX] Initialized MultithreadedTaskDispatcher with 16 workers.
[PhysX] Initialized MultithreadedTaskDispatcher with 16 workers.
 -> (artifact id: '7f1d67e24c91a338662a495cfd597eb4') in 0.111897 seconds
Number of updated asset objects reloaded before import = 0
Number of asset objects unloaded after import = 6
========================================================================
Received Import Request.
  Time since last request: 0.000013 seconds.
  path: Assets/Cartoon_Texture_Pack/GRASS/GRASS_Flower/GRASS_Flower_Tint_01/Material/Grass_Flower_Tint_01_FlowerPurple_B.mat
  artifactKey: Guid(0fd41b82b4608c84aa03280b40065be9) Importer(815301076,1909f56bfc062723c751e8b465ee728b)
Start importing Assets/Cartoon_Texture_Pack/GRASS/GRASS_Flower/GRASS_Flower_Tint_01/Material/Grass_Flower_Tint_01_FlowerPurple_B.mat using Guid(0fd41b82b4608c84aa03280b40065be9) Importer(815301076,1909f56bfc062723c751e8b465ee728b) [PhysX] Initialized MultithreadedTaskDispatcher with 16 workers.
[PhysX] Initialized MultithreadedTaskDispatcher with 16 workers.
 -> (artifact id: 'bb562fe31e73acfd474f806c5cb4ae08') in 0.078197 seconds
Number of updated asset objects reloaded before import = 0
Number of asset objects unloaded after import = 6
========================================================================
Received Import Request.
  Time since last request: 4.264124 seconds.
  path: Assets/Cartoon_Texture_Pack/GRASS/GRASS_Flower/GRASS_Flower_Tint_01/Texture/Grass_Flower_Tint_01_Base_Basecolor.png
  artifactKey: Guid(b7ee70b4fd03b1c4aafa27cb4db3a673) Importer(815301076,1909f56bfc062723c751e8b465ee728b)
Start importing Assets/Cartoon_Texture_Pack/GRASS/GRASS_Flower/GRASS_Flower_Tint_01/Texture/Grass_Flower_Tint_01_Base_Basecolor.png using Guid(b7ee70b4fd03b1c4aafa27cb4db3a673) Importer(815301076,1909f56bfc062723c751e8b465ee728b) [PhysX] Initialized MultithreadedTaskDispatcher with 16 workers.
[PhysX] Initialized MultithreadedTaskDispatcher with 16 workers.
 -> (artifact id: '572954fcb3cc87e19d2606b71169593d') in 0.007806 seconds
Number of updated asset objects reloaded before import = 0
Number of asset objects unloaded after import = 2
========================================================================
Received Import Request.
  Time since last request: 0.000074 seconds.
  path: Assets/Cartoon_Texture_Pack/GRASS/GRASS_Flower/GRASS_Flower_Tint_01/Texture/Grass_Flower_Tint_01_FlowerBlue_B_Metallic.png
  artifactKey: Guid(f1453e85cf1aa0342bdfa987cf394192) Importer(815301076,1909f56bfc062723c751e8b465ee728b)
Start importing Assets/Cartoon_Texture_Pack/GRASS/GRASS_Flower/GRASS_Flower_Tint_01/Texture/Grass_Flower_Tint_01_FlowerBlue_B_Metallic.png using Guid(f1453e85cf1aa0342bdfa987cf394192) Importer(815301076,1909f56bfc062723c751e8b465ee728b) [PhysX] Initialized MultithreadedTaskDispatcher with 16 workers.
[PhysX] Initialized MultithreadedTaskDispatcher with 16 workers.
 -> (artifact id: '85a48c36d362175afb72316e8826d812') in 0.006621 seconds
Number of updated asset objects reloaded before import = 0
Number of asset objects unloaded after import = 2
========================================================================
Received Import Request.
  Time since last request: 0.000070 seconds.
  path: Assets/Cartoon_Texture_Pack/GRASS/GRASS_Flower/GRASS_Flower_Tint_01/Texture/Grass_Flower_Tint_01_FlowerRed_A_Basecolor.png
  artifactKey: Guid(07f44d4cc88d7a14e9ef3821380ae9c6) Importer(815301076,1909f56bfc062723c751e8b465ee728b)
Start importing Assets/Cartoon_Texture_Pack/GRASS/GRASS_Flower/GRASS_Flower_Tint_01/Texture/Grass_Flower_Tint_01_FlowerRed_A_Basecolor.png using Guid(07f44d4cc88d7a14e9ef3821380ae9c6) Importer(815301076,1909f56bfc062723c751e8b465ee728b) [PhysX] Initialized MultithreadedTaskDispatcher with 16 workers.
[PhysX] Initialized MultithreadedTaskDispatcher with 16 workers.
 -> (artifact id: '15587b8502ecb06456898c13e088c6fe') in 0.008246 seconds
Number of updated asset objects reloaded before import = 0
Number of asset objects unloaded after import = 2
========================================================================
Received Import Request.
  Time since last request: 0.000050 seconds.
  path: Assets/Cartoon_Texture_Pack/GRASS/GRASS_Flower/GRASS_Flower_Tint_01/Texture/Grass_Flower_Tint_01_FlowerPurple_A_AO.png
  artifactKey: Guid(cf6f0536a00d5cd46968cb159767635e) Importer(815301076,1909f56bfc062723c751e8b465ee728b)
Start importing Assets/Cartoon_Texture_Pack/GRASS/GRASS_Flower/GRASS_Flower_Tint_01/Texture/Grass_Flower_Tint_01_FlowerPurple_A_AO.png using Guid(cf6f0536a00d5cd46968cb159767635e) Importer(815301076,1909f56bfc062723c751e8b465ee728b) [PhysX] Initialized MultithreadedTaskDispatcher with 16 workers.
[PhysX] Initialized MultithreadedTaskDispatcher with 16 workers.
 -> (artifact id: '9c7b7d170cdf09622dac46f545b46b89') in 0.007005 seconds
Number of updated asset objects reloaded before import = 0
Number of asset objects unloaded after import = 2
========================================================================
Received Import Request.
  Time since last request: 0.000028 seconds.
  path: Assets/Cartoon_Texture_Pack/GRASS/GRASS_Flower/GRASS_Flower_Tint_01/Texture/Grass_Flower_Tint_01_Base_Normal.png
  artifactKey: Guid(83f04189368ddb343b6e3eca6f1de874) Importer(815301076,1909f56bfc062723c751e8b465ee728b)
Start importing Assets/Cartoon_Texture_Pack/GRASS/GRASS_Flower/GRASS_Flower_Tint_01/Texture/Grass_Flower_Tint_01_Base_Normal.png using Guid(83f04189368ddb343b6e3eca6f1de874) Importer(815301076,1909f56bfc062723c751e8b465ee728b) [PhysX] Initialized MultithreadedTaskDispatcher with 16 workers.
[PhysX] Initialized MultithreadedTaskDispatcher with 16 workers.
 -> (artifact id: 'fc3d7cd6b2d40241473f208d7ec186a2') in 0.007665 seconds
Number of updated asset objects reloaded before import = 0
Number of asset objects unloaded after import = 2
========================================================================
Received Import Request.
  Time since last request: 0.000073 seconds.
  path: Assets/Cartoon_Texture_Pack/GRASS/GRASS_Flower/GRASS_Flower_Tint_01/Texture/Grass_Flower_Tint_01_FlowerPurple_A_Metallic.png
  artifactKey: Guid(09fece92a00d3ae4e9844f829145d525) Importer(815301076,1909f56bfc062723c751e8b465ee728b)
Start importing Assets/Cartoon_Texture_Pack/GRASS/GRASS_Flower/GRASS_Flower_Tint_01/Texture/Grass_Flower_Tint_01_FlowerPurple_A_Metallic.png using Guid(09fece92a00d3ae4e9844f829145d525) Importer(815301076,1909f56bfc062723c751e8b465ee728b) [PhysX] Initialized MultithreadedTaskDispatcher with 16 workers.
[PhysX] Initialized MultithreadedTaskDispatcher with 16 workers.
 -> (artifact id: '9a2665dea07e76682de1dae568c2fb30') in 0.006975 seconds
Number of updated asset objects reloaded before import = 0
Number of asset objects unloaded after import = 2
========================================================================
Received Import Request.
  Time since last request: 0.000019 seconds.
  path: Assets/Cartoon_Texture_Pack/GRASS/GRASS_Flower/GRASS_Flower_Tint_01/Texture/Grass_Flower_Tint_01_FlowerRed_A_Normal.png
  artifactKey: Guid(c0ceaffafa12d864fb1dd96c89cdfd95) Importer(815301076,1909f56bfc062723c751e8b465ee728b)
Start importing Assets/Cartoon_Texture_Pack/GRASS/GRASS_Flower/GRASS_Flower_Tint_01/Texture/Grass_Flower_Tint_01_FlowerRed_A_Normal.png using Guid(c0ceaffafa12d864fb1dd96c89cdfd95) Importer(815301076,1909f56bfc062723c751e8b465ee728b) [PhysX] Initialized MultithreadedTaskDispatcher with 16 workers.
[PhysX] Initialized MultithreadedTaskDispatcher with 16 workers.
 -> (artifact id: 'f0c46c3ca2760561b998f51eaeee08e6') in 0.009148 seconds
Number of updated asset objects reloaded before import = 0
Number of asset objects unloaded after import = 2
========================================================================
Received Import Request.
  Time since last request: 0.000028 seconds.
  path: Assets/Cartoon_Texture_Pack/GRASS/GRASS_Flower/GRASS_Flower_Tint_01/Texture/Grass_Flower_Tint_01_FlowerRed_B_AO.png
  artifactKey: Guid(2aa4eef297cc86c4685c2158d82efd7b) Importer(815301076,1909f56bfc062723c751e8b465ee728b)
Start importing Assets/Cartoon_Texture_Pack/GRASS/GRASS_Flower/GRASS_Flower_Tint_01/Texture/Grass_Flower_Tint_01_FlowerRed_B_AO.png using Guid(2aa4eef297cc86c4685c2158d82efd7b) Importer(815301076,1909f56bfc062723c751e8b465ee728b) [PhysX] Initialized MultithreadedTaskDispatcher with 16 workers.
[PhysX] Initialized MultithreadedTaskDispatcher with 16 workers.
 -> (artifact id: '5cce3bd42ff339d5bebed421e6727556') in 0.006925 seconds
Number of updated asset objects reloaded before import = 0
Number of asset objects unloaded after import = 2
========================================================================
Received Import Request.
  Time since last request: 0.000082 seconds.
  path: Assets/Cartoon_Texture_Pack/GRASS/GRASS_Flower/GRASS_Flower_Tint_01/Texture/Grass_Flower_Tint_01_FlowerBlue_A_Normal.png
  artifactKey: Guid(99d51d66c27f3144395a86ff2f0ffea7) Importer(815301076,1909f56bfc062723c751e8b465ee728b)
Start importing Assets/Cartoon_Texture_Pack/GRASS/GRASS_Flower/GRASS_Flower_Tint_01/Texture/Grass_Flower_Tint_01_FlowerBlue_A_Normal.png using Guid(99d51d66c27f3144395a86ff2f0ffea7) Importer(815301076,1909f56bfc062723c751e8b465ee728b) [PhysX] Initialized MultithreadedTaskDispatcher with 16 workers.
[PhysX] Initialized MultithreadedTaskDispatcher with 16 workers.
 -> (artifact id: '5242ba8751a75ce040c1f20bc8eb6631') in 0.009317 seconds
Number of updated asset objects reloaded before import = 0
Number of asset objects unloaded after import = 2
========================================================================
Received Import Request.
  Time since last request: 0.000015 seconds.
  path: Assets/Cartoon_Texture_Pack/GRASS/GRASS_Flower/GRASS_Flower_Tint_01/Texture/Grass_Flower_Tint_01_Base_Metallic.png
  artifactKey: Guid(6f242f2310130634c8233d812468c06b) Importer(815301076,1909f56bfc062723c751e8b465ee728b)
Start importing Assets/Cartoon_Texture_Pack/GRASS/GRASS_Flower/GRASS_Flower_Tint_01/Texture/Grass_Flower_Tint_01_Base_Metallic.png using Guid(6f242f2310130634c8233d812468c06b) Importer(815301076,1909f56bfc062723c751e8b465ee728b) [PhysX] Initialized MultithreadedTaskDispatcher with 16 workers.
[PhysX] Initialized MultithreadedTaskDispatcher with 16 workers.
 -> (artifact id: '7a9cc244619dce226112fd52e34f9e0f') in 0.007457 seconds
Number of updated asset objects reloaded before import = 0
Number of asset objects unloaded after import = 2
========================================================================
Received Import Request.
  Time since last request: 0.000038 seconds.
  path: Assets/Cartoon_Texture_Pack/GRASS/GRASS_Flower/GRASS_Flower_Tint_01/Texture/Grass_Flower_Tint_01_FlowerBlue_A_Metallic.png
  artifactKey: Guid(5fe9e9892e9bbb5438a3e55738d659ab) Importer(815301076,1909f56bfc062723c751e8b465ee728b)
Start importing Assets/Cartoon_Texture_Pack/GRASS/GRASS_Flower/GRASS_Flower_Tint_01/Texture/Grass_Flower_Tint_01_FlowerBlue_A_Metallic.png using Guid(5fe9e9892e9bbb5438a3e55738d659ab) Importer(815301076,1909f56bfc062723c751e8b465ee728b) [PhysX] Initialized MultithreadedTaskDispatcher with 16 workers.
[PhysX] Initialized MultithreadedTaskDispatcher with 16 workers.
 -> (artifact id: '45b90dbf157b504fe951294fea23b930') in 0.011560 seconds
Number of updated asset objects reloaded before import = 0
Number of asset objects unloaded after import = 2
========================================================================
Received Import Request.
  Time since last request: 0.000083 seconds.
  path: Assets/Cartoon_Texture_Pack/GRASS/GRASS_Flower/GRASS_Flower_Tint_01/Texture/Grass_Flower_Tint_01_FlowerBlue_A_Height.png
  artifactKey: Guid(4337db0f839a7db4db64774a69e0173d) Importer(815301076,1909f56bfc062723c751e8b465ee728b)
Start importing Assets/Cartoon_Texture_Pack/GRASS/GRASS_Flower/GRASS_Flower_Tint_01/Texture/Grass_Flower_Tint_01_FlowerBlue_A_Height.png using Guid(4337db0f839a7db4db64774a69e0173d) Importer(815301076,1909f56bfc062723c751e8b465ee728b) [PhysX] Initialized MultithreadedTaskDispatcher with 16 workers.
[PhysX] Initialized MultithreadedTaskDispatcher with 16 workers.
 -> (artifact id: '5f270b57d7566ff4846c190106eb4b13') in 0.007090 seconds
Number of updated asset objects reloaded before import = 0
Number of asset objects unloaded after import = 2
========================================================================
Received Import Request.
  Time since last request: 6.005166 seconds.
  path: Assets/Cartoon_Texture_Pack/GRASS/GRASS_Flower/GRASS_Flower_Tint_01/Texture/Grass_Flower_Tint_01_FlowerRed_B_Height.png
  artifactKey: Guid(490e6219c890a154fac130f6c9070c6b) Importer(815301076,1909f56bfc062723c751e8b465ee728b)
Start importing Assets/Cartoon_Texture_Pack/GRASS/GRASS_Flower/GRASS_Flower_Tint_01/Texture/Grass_Flower_Tint_01_FlowerRed_B_Height.png using Guid(490e6219c890a154fac130f6c9070c6b) Importer(815301076,1909f56bfc062723c751e8b465ee728b) [PhysX] Initialized MultithreadedTaskDispatcher with 16 workers.
[PhysX] Initialized MultithreadedTaskDispatcher with 16 workers.
 -> (artifact id: '247793b34c668962ba714b0c4e11ef75') in 0.007552 seconds
Number of updated asset objects reloaded before import = 0
Number of asset objects unloaded after import = 2
========================================================================
Received Import Request.
  Time since last request: 0.000034 seconds.
  path: Assets/Cartoon_Texture_Pack/GRASS/GRASS_Flower/GRASS_Flower_Tint_01/Texture/Grass_Flower_Tint_01_FlowerYellow_B_AO.png
  artifactKey: Guid(ab7185d4a4f9bd445a15fb9c1a543cf8) Importer(815301076,1909f56bfc062723c751e8b465ee728b)
Start importing Assets/Cartoon_Texture_Pack/GRASS/GRASS_Flower/GRASS_Flower_Tint_01/Texture/Grass_Flower_Tint_01_FlowerYellow_B_AO.png using Guid(ab7185d4a4f9bd445a15fb9c1a543cf8) Importer(815301076,1909f56bfc062723c751e8b465ee728b) [PhysX] Initialized MultithreadedTaskDispatcher with 16 workers.
[PhysX] Initialized MultithreadedTaskDispatcher with 16 workers.
 -> (artifact id: '9403cea8dfc65c5fb7e236edf70572a9') in 0.008283 seconds
Number of updated asset objects reloaded before import = 0
Number of asset objects unloaded after import = 2
========================================================================
Received Import Request.
  Time since last request: 0.000026 seconds.
  path: Assets/Cartoon_Texture_Pack/GRASS/GRASS_Flower/GRASS_Flower_Tint_01/Texture/Grass_Flower_Tint_01_FlowerYellow_A_AO.png
  artifactKey: Guid(5b5ca15ebd32c4243953269d8794a191) Importer(815301076,1909f56bfc062723c751e8b465ee728b)
Start importing Assets/Cartoon_Texture_Pack/GRASS/GRASS_Flower/GRASS_Flower_Tint_01/Texture/Grass_Flower_Tint_01_FlowerYellow_A_AO.png using Guid(5b5ca15ebd32c4243953269d8794a191) Importer(815301076,1909f56bfc062723c751e8b465ee728b) [PhysX] Initialized MultithreadedTaskDispatcher with 16 workers.
[PhysX] Initialized MultithreadedTaskDispatcher with 16 workers.
 -> (artifact id: '94faa3c23dd0b73b56d1ad28fe72b170') in 0.008162 seconds
Number of updated asset objects reloaded before import = 0
Number of asset objects unloaded after import = 2
========================================================================
Received Import Request.
  Time since last request: 1.044075 seconds.
  path: Assets/Cartoon_Texture_Pack/GRASS/GRASS_Flower/GRASS_Flower_Tint_01/Texture/Grass_Flower_Tint_01_FlowerYellow_B_Height.png
  artifactKey: Guid(b6c4233c6db42894894072bffbc6c054) Importer(815301076,1909f56bfc062723c751e8b465ee728b)
Start importing Assets/Cartoon_Texture_Pack/GRASS/GRASS_Flower/GRASS_Flower_Tint_01/Texture/Grass_Flower_Tint_01_FlowerYellow_B_Height.png using Guid(b6c4233c6db42894894072bffbc6c054) Importer(815301076,1909f56bfc062723c751e8b465ee728b) [PhysX] Initialized MultithreadedTaskDispatcher with 16 workers.
[PhysX] Initialized MultithreadedTaskDispatcher with 16 workers.
 -> (artifact id: '309aa6dcab69312a867d8e8105fb5842') in 0.008385 seconds
Number of updated asset objects reloaded before import = 0
Number of asset objects unloaded after import = 2
========================================================================
Received Import Request.
  Time since last request: 0.000021 seconds.
  path: Assets/Cartoon_Texture_Pack/GRASS/GRASS_Flower/GRASS_Flower_Tint_01/Texture/Grass_Flower_Tint_01_Rocks_AO.png
  artifactKey: Guid(12cea0f5278c1c746afbb0e00f333cd2) Importer(815301076,1909f56bfc062723c751e8b465ee728b)
Start importing Assets/Cartoon_Texture_Pack/GRASS/GRASS_Flower/GRASS_Flower_Tint_01/Texture/Grass_Flower_Tint_01_Rocks_AO.png using Guid(12cea0f5278c1c746afbb0e00f333cd2) Importer(815301076,1909f56bfc062723c751e8b465ee728b) [PhysX] Initialized MultithreadedTaskDispatcher with 16 workers.
[PhysX] Initialized MultithreadedTaskDispatcher with 16 workers.
 -> (artifact id: '2a56afcce64cf5c38dd86de87186b72c') in 0.008345 seconds
Number of updated asset objects reloaded before import = 0
Number of asset objects unloaded after import = 2
========================================================================
Received Import Request.
  Time since last request: 0.000023 seconds.
  path: Assets/Cartoon_Texture_Pack/GRASS/GRASS_Flower/GRASS_Flower_Tint_01/Texture/Grass_Flower_Tint_01_Rocks_Height.png
  artifactKey: Guid(6ad9646cf6375114daab376f66d0ecd5) Importer(815301076,1909f56bfc062723c751e8b465ee728b)
Start importing Assets/Cartoon_Texture_Pack/GRASS/GRASS_Flower/GRASS_Flower_Tint_01/Texture/Grass_Flower_Tint_01_Rocks_Height.png using Guid(6ad9646cf6375114daab376f66d0ecd5) Importer(815301076,1909f56bfc062723c751e8b465ee728b) [PhysX] Initialized MultithreadedTaskDispatcher with 16 workers.
[PhysX] Initialized MultithreadedTaskDispatcher with 16 workers.
 -> (artifact id: '93fedcbd781ed43835a7022e9d657da5') in 0.008294 seconds
Number of updated asset objects reloaded before import = 0
Number of asset objects unloaded after import = 2
========================================================================
Received Import Request.
  Time since last request: 26.239738 seconds.
  path: Assets/Cartoon_Texture_Pack/WOOD/WOOD_Planks/Materials/Wood_Planks_A_Basecolor.mat
  artifactKey: Guid(711a0dae87e4bb84892d2c84e1413eb4) Importer(815301076,1909f56bfc062723c751e8b465ee728b)
Start importing Assets/Cartoon_Texture_Pack/WOOD/WOOD_Planks/Materials/Wood_Planks_A_Basecolor.mat using Guid(711a0dae87e4bb84892d2c84e1413eb4) Importer(815301076,1909f56bfc062723c751e8b465ee728b) [PhysX] Initialized MultithreadedTaskDispatcher with 16 workers.
[PhysX] Initialized MultithreadedTaskDispatcher with 16 workers.
 -> (artifact id: '19d58538c3d9358e31de2dad65008bda') in 0.017730 seconds
Number of updated asset objects reloaded before import = 0
Number of asset objects unloaded after import = 7
========================================================================
Received Import Request.
  Time since last request: 0.000019 seconds.
  path: Assets/Cartoon_Texture_Pack/WOOD/WOOD_Planks/Materials/Wood_Planks_A_Normal.mat
  artifactKey: Guid(7fe2d4a13a6bf9c46afb6ef1f268b9e9) Importer(815301076,1909f56bfc062723c751e8b465ee728b)
Start importing Assets/Cartoon_Texture_Pack/WOOD/WOOD_Planks/Materials/Wood_Planks_A_Normal.mat using Guid(7fe2d4a13a6bf9c46afb6ef1f268b9e9) Importer(815301076,1909f56bfc062723c751e8b465ee728b) [PhysX] Initialized MultithreadedTaskDispatcher with 16 workers.
[PhysX] Initialized MultithreadedTaskDispatcher with 16 workers.
 -> (artifact id: 'e1ad605edbcdb5484acdfb21c355edf9') in 0.008818 seconds
Number of updated asset objects reloaded before import = 0
Number of asset objects unloaded after import = 2
========================================================================
Received Import Request.
  Time since last request: 0.000015 seconds.
  path: Assets/Cartoon_Texture_Pack/WOOD/WOOD_Planks/Materials/Wood_Planks_B_Basecolor.mat
  artifactKey: Guid(baaa29ceba51c0a4ab377ef57958556c) Importer(815301076,1909f56bfc062723c751e8b465ee728b)
Start importing Assets/Cartoon_Texture_Pack/WOOD/WOOD_Planks/Materials/Wood_Planks_B_Basecolor.mat using Guid(baaa29ceba51c0a4ab377ef57958556c) Importer(815301076,1909f56bfc062723c751e8b465ee728b) [PhysX] Initialized MultithreadedTaskDispatcher with 16 workers.
[PhysX] Initialized MultithreadedTaskDispatcher with 16 workers.
 -> (artifact id: '6cadc76ffa830af418d4a25e6021b1fe') in 0.014497 seconds
Number of updated asset objects reloaded before import = 0
Number of asset objects unloaded after import = 2
========================================================================
Received Import Request.
  Time since last request: 0.000018 seconds.
  path: Assets/Cartoon_Texture_Pack/WOOD/WOOD_Planks/Materials/Wood_Planks_B_Normal.mat
  artifactKey: Guid(2be87d156ad7ec448ad77a15cb50a644) Importer(815301076,1909f56bfc062723c751e8b465ee728b)
Start importing Assets/Cartoon_Texture_Pack/WOOD/WOOD_Planks/Materials/Wood_Planks_B_Normal.mat using Guid(2be87d156ad7ec448ad77a15cb50a644) Importer(815301076,1909f56bfc062723c751e8b465ee728b) [PhysX] Initialized MultithreadedTaskDispatcher with 16 workers.
[PhysX] Initialized MultithreadedTaskDispatcher with 16 workers.
 -> (artifact id: 'fac2e31f72787183d615295898837559') in 0.007797 seconds
Number of updated asset objects reloaded before import = 0
Number of asset objects unloaded after import = 2
========================================================================
Received Import Request.
  Time since last request: 0.000024 seconds.
  path: Assets/Cartoon_Texture_Pack/WOOD/WOOD_Planks/Materials/Wood_Planks_B_Height 2.mat
  artifactKey: Guid(71b777e17b5c3e7419c00acc55e41fbb) Importer(815301076,1909f56bfc062723c751e8b465ee728b)
Start importing Assets/Cartoon_Texture_Pack/WOOD/WOOD_Planks/Materials/Wood_Planks_B_Height 2.mat using Guid(71b777e17b5c3e7419c00acc55e41fbb) Importer(815301076,1909f56bfc062723c751e8b465ee728b) [PhysX] Initialized MultithreadedTaskDispatcher with 16 workers.
[PhysX] Initialized MultithreadedTaskDispatcher with 16 workers.
 -> (artifact id: '30651879290705e2f8235141fb17547d') in 0.007601 seconds
Number of updated asset objects reloaded before import = 0
Number of asset objects unloaded after import = 3
========================================================================
Received Import Request.
  Time since last request: 41.073435 seconds.
  path: Assets/Cartoon_Texture_Pack/GRASS/GRASS_Flower/GRASS_Flower_Tint_02/Texture/Grass_Flower_Tint_02_Base_Basecolor.png
  artifactKey: Guid(b6e958058e84ea540a4e6d7946673f53) Importer(815301076,1909f56bfc062723c751e8b465ee728b)
Start importing Assets/Cartoon_Texture_Pack/GRASS/GRASS_Flower/GRASS_Flower_Tint_02/Texture/Grass_Flower_Tint_02_Base_Basecolor.png using Guid(b6e958058e84ea540a4e6d7946673f53) Importer(815301076,1909f56bfc062723c751e8b465ee728b) [PhysX] Initialized MultithreadedTaskDispatcher with 16 workers.
[PhysX] Initialized MultithreadedTaskDispatcher with 16 workers.
 -> (artifact id: 'de83ecdc318f2cf558956b62b3102a85') in 0.017359 seconds
Number of updated asset objects reloaded before import = 0
Number of asset objects unloaded after import = 2
========================================================================
Received Import Request.
  Time since last request: 0.000125 seconds.
  path: Assets/Cartoon_Texture_Pack/GRASS/GRASS_Flower/GRASS_Flower_Tint_02/Texture/Grass_Flower_Tint_02_Base_Normal.png
  artifactKey: Guid(82dce51beac715246886be8ad9181ac0) Importer(815301076,1909f56bfc062723c751e8b465ee728b)
Start importing Assets/Cartoon_Texture_Pack/GRASS/GRASS_Flower/GRASS_Flower_Tint_02/Texture/Grass_Flower_Tint_02_Base_Normal.png using Guid(82dce51beac715246886be8ad9181ac0) Importer(815301076,1909f56bfc062723c751e8b465ee728b) [PhysX] Initialized MultithreadedTaskDispatcher with 16 workers.
[PhysX] Initialized MultithreadedTaskDispatcher with 16 workers.
 -> (artifact id: '409ba0e9b5763e804a3706dda6216706') in 0.031683 seconds
Number of updated asset objects reloaded before import = 0
Number of asset objects unloaded after import = 2
========================================================================
Received Import Request.
  Time since last request: 0.000077 seconds.
  path: Assets/Cartoon_Texture_Pack/GRASS/GRASS_Flower/GRASS_Flower_Tint_02/Texture/Grass_Flower_Tint_02_FlowerBlue_A_Metallic.png
  artifactKey: Guid(7fd0b312ec0436c4dbdb7531bd2f0cde) Importer(815301076,1909f56bfc062723c751e8b465ee728b)
Start importing Assets/Cartoon_Texture_Pack/GRASS/GRASS_Flower/GRASS_Flower_Tint_02/Texture/Grass_Flower_Tint_02_FlowerBlue_A_Metallic.png using Guid(7fd0b312ec0436c4dbdb7531bd2f0cde) Importer(815301076,1909f56bfc062723c751e8b465ee728b) [PhysX] Initialized MultithreadedTaskDispatcher with 16 workers.
[PhysX] Initialized MultithreadedTaskDispatcher with 16 workers.
 -> (artifact id: '9f49064f2772cc09a039ef257c0b1665') in 0.022319 seconds
Number of updated asset objects reloaded before import = 0
Number of asset objects unloaded after import = 2
========================================================================
Received Import Request.
  Time since last request: 0.000031 seconds.
  path: Assets/Cartoon_Texture_Pack/GRASS/GRASS_Flower/GRASS_Flower_Tint_02/Texture/Grass_Flower_Tint_02_FlowerBlue_B_AO.png
  artifactKey: Guid(5ba097c34ef6fec4290be19df325414e) Importer(815301076,1909f56bfc062723c751e8b465ee728b)
Start importing Assets/Cartoon_Texture_Pack/GRASS/GRASS_Flower/GRASS_Flower_Tint_02/Texture/Grass_Flower_Tint_02_FlowerBlue_B_AO.png using Guid(5ba097c34ef6fec4290be19df325414e) Importer(815301076,1909f56bfc062723c751e8b465ee728b) [PhysX] Initialized MultithreadedTaskDispatcher with 16 workers.
[PhysX] Initialized MultithreadedTaskDispatcher with 16 workers.
 -> (artifact id: 'f2f1139203f817e65ac6b74ed41173e2') in 0.016195 seconds
Number of updated asset objects reloaded before import = 0
Number of asset objects unloaded after import = 2
========================================================================
Received Import Request.
  Time since last request: 0.000019 seconds.
  path: Assets/Cartoon_Texture_Pack/GRASS/GRASS_Flower/GRASS_Flower_Tint_02/Texture/Grass_Flower_Tint_02_FlowerRed_A_AO.png
  artifactKey: Guid(696482dc0a74ae64c92246885a629b72) Importer(815301076,1909f56bfc062723c751e8b465ee728b)
Start importing Assets/Cartoon_Texture_Pack/GRASS/GRASS_Flower/GRASS_Flower_Tint_02/Texture/Grass_Flower_Tint_02_FlowerRed_A_AO.png using Guid(696482dc0a74ae64c92246885a629b72) Importer(815301076,1909f56bfc062723c751e8b465ee728b) [PhysX] Initialized MultithreadedTaskDispatcher with 16 workers.
[PhysX] Initialized MultithreadedTaskDispatcher with 16 workers.
 -> (artifact id: '5a19c9a4fe5516a9118affc7cf40ca23') in 0.021669 seconds
Number of updated asset objects reloaded before import = 0
Number of asset objects unloaded after import = 2
========================================================================
Received Import Request.
  Time since last request: 0.000045 seconds.
  path: Assets/Cartoon_Texture_Pack/GRASS/GRASS_Flower/GRASS_Flower_Tint_02/Texture/Grass_Flower_Tint_02_FlowerPurple_A_Basecolor.png
  artifactKey: Guid(26408f3456289d04583fce2a70b66d98) Importer(815301076,1909f56bfc062723c751e8b465ee728b)
Start importing Assets/Cartoon_Texture_Pack/GRASS/GRASS_Flower/GRASS_Flower_Tint_02/Texture/Grass_Flower_Tint_02_FlowerPurple_A_Basecolor.png using Guid(26408f3456289d04583fce2a70b66d98) Importer(815301076,1909f56bfc062723c751e8b465ee728b) [PhysX] Initialized MultithreadedTaskDispatcher with 16 workers.
[PhysX] Initialized MultithreadedTaskDispatcher with 16 workers.
 -> (artifact id: 'd56671c1062e2d30c69f6e3ef51aaade') in 0.006506 seconds
Number of updated asset objects reloaded before import = 0
Number of asset objects unloaded after import = 2
========================================================================
Received Import Request.
  Time since last request: 0.000093 seconds.
  path: Assets/Cartoon_Texture_Pack/GRASS/GRASS_Flower/GRASS_Flower_Tint_02/Texture/Grass_Flower_Tint_02_FlowerPurple_B_Metallic.png
  artifactKey: Guid(49a35c33012a5574983fe05fa8f8ab93) Importer(815301076,1909f56bfc062723c751e8b465ee728b)
Start importing Assets/Cartoon_Texture_Pack/GRASS/GRASS_Flower/GRASS_Flower_Tint_02/Texture/Grass_Flower_Tint_02_FlowerPurple_B_Metallic.png using Guid(49a35c33012a5574983fe05fa8f8ab93) Importer(815301076,1909f56bfc062723c751e8b465ee728b) [PhysX] Initialized MultithreadedTaskDispatcher with 16 workers.
[PhysX] Initialized MultithreadedTaskDispatcher with 16 workers.
 -> (artifact id: '05c0304bd956566e7618c2eb14189331') in 0.011714 seconds
Number of updated asset objects reloaded before import = 0
Number of asset objects unloaded after import = 2
========================================================================
Received Import Request.
  Time since last request: 0.000077 seconds.
  path: Assets/Cartoon_Texture_Pack/GRASS/GRASS_Flower/GRASS_Flower_Tint_02/Texture/Grass_Flower_Tint_02_FlowerPurple_B_Normal.png
  artifactKey: Guid(577d360a97db35645a882481413a2979) Importer(815301076,1909f56bfc062723c751e8b465ee728b)
Start importing Assets/Cartoon_Texture_Pack/GRASS/GRASS_Flower/GRASS_Flower_Tint_02/Texture/Grass_Flower_Tint_02_FlowerPurple_B_Normal.png using Guid(577d360a97db35645a882481413a2979) Importer(815301076,1909f56bfc062723c751e8b465ee728b) [PhysX] Initialized MultithreadedTaskDispatcher with 16 workers.
[PhysX] Initialized MultithreadedTaskDispatcher with 16 workers.
 -> (artifact id: 'a717959c81fe75660f9a58c79f27962f') in 0.008084 seconds
Number of updated asset objects reloaded before import = 0
Number of asset objects unloaded after import = 2
========================================================================
Received Import Request.
  Time since last request: 0.000077 seconds.
  path: Assets/Cartoon_Texture_Pack/GRASS/GRASS_Flower/GRASS_Flower_Tint_02/Texture/Grass_Flower_Tint_02_FlowerPurple_A_Metallic.png
  artifactKey: Guid(c70de765acff2f3469a4086fe4ae4add) Importer(815301076,1909f56bfc062723c751e8b465ee728b)
Start importing Assets/Cartoon_Texture_Pack/GRASS/GRASS_Flower/GRASS_Flower_Tint_02/Texture/Grass_Flower_Tint_02_FlowerPurple_A_Metallic.png using Guid(c70de765acff2f3469a4086fe4ae4add) Importer(815301076,1909f56bfc062723c751e8b465ee728b) [PhysX] Initialized MultithreadedTaskDispatcher with 16 workers.
[PhysX] Initialized MultithreadedTaskDispatcher with 16 workers.
 -> (artifact id: '6c3536e6927e8edf616b73ae5edecdda') in 0.006279 seconds
Number of updated asset objects reloaded before import = 0
Number of asset objects unloaded after import = 2
========================================================================
Received Import Request.
  Time since last request: 0.000025 seconds.
  path: Assets/Cartoon_Texture_Pack/GRASS/GRASS_Flower/GRASS_Flower_Tint_02/Texture/Grass_Flower_Tint_02_FlowerBlue_B_Basecolor.png
  artifactKey: Guid(c6614ed1f7bc5564f8495fadee9724b0) Importer(815301076,1909f56bfc062723c751e8b465ee728b)
Start importing Assets/Cartoon_Texture_Pack/GRASS/GRASS_Flower/GRASS_Flower_Tint_02/Texture/Grass_Flower_Tint_02_FlowerBlue_B_Basecolor.png using Guid(c6614ed1f7bc5564f8495fadee9724b0) Importer(815301076,1909f56bfc062723c751e8b465ee728b) [PhysX] Initialized MultithreadedTaskDispatcher with 16 workers.
[PhysX] Initialized MultithreadedTaskDispatcher with 16 workers.
 -> (artifact id: 'eb5080f9d8e7f8d475cb198b59fac865') in 0.030187 seconds
Number of updated asset objects reloaded before import = 0
Number of asset objects unloaded after import = 2
========================================================================
Received Import Request.
  Time since last request: 4.666173 seconds.
  path: Assets/Cartoon_Texture_Pack/GRASS/GRASS_Flower/GRASS_Flower_Tint_02/Texture/Grass_Flower_Tint_02_FlowerRed_B_Basecolor.png
  artifactKey: Guid(4edd444daa6565646b98180ec3d6e512) Importer(815301076,1909f56bfc062723c751e8b465ee728b)
Start importing Assets/Cartoon_Texture_Pack/GRASS/GRASS_Flower/GRASS_Flower_Tint_02/Texture/Grass_Flower_Tint_02_FlowerRed_B_Basecolor.png using Guid(4edd444daa6565646b98180ec3d6e512) Importer(815301076,1909f56bfc062723c751e8b465ee728b) [PhysX] Initialized MultithreadedTaskDispatcher with 16 workers.
[PhysX] Initialized MultithreadedTaskDispatcher with 16 workers.
 -> (artifact id: '9072a7afc6af53e65f3e3b848cb52ed7') in 0.007418 seconds
Number of updated asset objects reloaded before import = 0
Number of asset objects unloaded after import = 2
========================================================================
Received Import Request.
  Time since last request: 0.000049 seconds.
  path: Assets/Cartoon_Texture_Pack/GRASS/GRASS_Flower/GRASS_Flower_Tint_02/Texture/Grass_Flower_Tint_02_FlowerYellow_A_Height.png
  artifactKey: Guid(313b6cc5512fff745b3ddf840e099113) Importer(815301076,1909f56bfc062723c751e8b465ee728b)
Start importing Assets/Cartoon_Texture_Pack/GRASS/GRASS_Flower/GRASS_Flower_Tint_02/Texture/Grass_Flower_Tint_02_FlowerYellow_A_Height.png using Guid(313b6cc5512fff745b3ddf840e099113) Importer(815301076,1909f56bfc062723c751e8b465ee728b) [PhysX] Initialized MultithreadedTaskDispatcher with 16 workers.
[PhysX] Initialized MultithreadedTaskDispatcher with 16 workers.
 -> (artifact id: 'd01744900d51ee406a22c51044d8c5b4') in 0.021601 seconds
Number of updated asset objects reloaded before import = 0
Number of asset objects unloaded after import = 2
========================================================================
Received Import Request.
  Time since last request: 0.000079 seconds.
  path: Assets/Cartoon_Texture_Pack/GRASS/GRASS_Flower/GRASS_Flower_Tint_02/Texture/Grass_Flower_Tint_02_FlowerRed_B_Normal.png
  artifactKey: Guid(679a31643ca721d4ab8579f24edd7025) Importer(815301076,1909f56bfc062723c751e8b465ee728b)
Start importing Assets/Cartoon_Texture_Pack/GRASS/GRASS_Flower/GRASS_Flower_Tint_02/Texture/Grass_Flower_Tint_02_FlowerRed_B_Normal.png using Guid(679a31643ca721d4ab8579f24edd7025) Importer(815301076,1909f56bfc062723c751e8b465ee728b) [PhysX] Initialized MultithreadedTaskDispatcher with 16 workers.
[PhysX] Initialized MultithreadedTaskDispatcher with 16 workers.
 -> (artifact id: '2495831103240a37fcbccb0317ff07f9') in 0.008845 seconds
Number of updated asset objects reloaded before import = 0
Number of asset objects unloaded after import = 2
========================================================================
Received Import Request.
  Time since last request: 0.000079 seconds.
  path: Assets/Cartoon_Texture_Pack/GRASS/GRASS_Flower/GRASS_Flower_Tint_02/Texture/Grass_Flower_Tint_02_FlowerYellow_A_Metallic.png
  artifactKey: Guid(bb6a3b093985f1c46bd28dee06dced98) Importer(815301076,1909f56bfc062723c751e8b465ee728b)
Start importing Assets/Cartoon_Texture_Pack/GRASS/GRASS_Flower/GRASS_Flower_Tint_02/Texture/Grass_Flower_Tint_02_FlowerYellow_A_Metallic.png using Guid(bb6a3b093985f1c46bd28dee06dced98) Importer(815301076,1909f56bfc062723c751e8b465ee728b) [PhysX] Initialized MultithreadedTaskDispatcher with 16 workers.
[PhysX] Initialized MultithreadedTaskDispatcher with 16 workers.
 -> (artifact id: 'ccab2682460125c1b28ee8654efdf7b8') in 0.018101 seconds
Number of updated asset objects reloaded before import = 0
Number of asset objects unloaded after import = 2
========================================================================
Received Import Request.
  Time since last request: 0.199426 seconds.
  path: Assets/Cartoon_Texture_Pack/GRASS/GRASS_Flower/GRASS_Flower_Tint_02/Texture/Grass_Flower_Tint_02_FlowerYellow_B_Basecolor.png
  artifactKey: Guid(8b920213f6c8c0240a890fc1e671262d) Importer(815301076,1909f56bfc062723c751e8b465ee728b)
Start importing Assets/Cartoon_Texture_Pack/GRASS/GRASS_Flower/GRASS_Flower_Tint_02/Texture/Grass_Flower_Tint_02_FlowerYellow_B_Basecolor.png using Guid(8b920213f6c8c0240a890fc1e671262d) Importer(815301076,1909f56bfc062723c751e8b465ee728b) [PhysX] Initialized MultithreadedTaskDispatcher with 16 workers.
[PhysX] Initialized MultithreadedTaskDispatcher with 16 workers.
 -> (artifact id: 'c15c8ee338a8e22138231340b9efb957') in 0.016343 seconds
Number of updated asset objects reloaded before import = 0
Number of asset objects unloaded after import = 2
========================================================================
Received Import Request.
  Time since last request: 0.000138 seconds.
  path: Assets/Cartoon_Texture_Pack/GRASS/GRASS_Flower/GRASS_Flower_Tint_02/Texture/Grass_Flower_Tint_02_FlowerYellow_B_Normal.png
  artifactKey: Guid(e896a9f48b3a9134c94d6e765530a774) Importer(815301076,1909f56bfc062723c751e8b465ee728b)
Start importing Assets/Cartoon_Texture_Pack/GRASS/GRASS_Flower/GRASS_Flower_Tint_02/Texture/Grass_Flower_Tint_02_FlowerYellow_B_Normal.png using Guid(e896a9f48b3a9134c94d6e765530a774) Importer(815301076,1909f56bfc062723c751e8b465ee728b) [PhysX] Initialized MultithreadedTaskDispatcher with 16 workers.
[PhysX] Initialized MultithreadedTaskDispatcher with 16 workers.
 -> (artifact id: 'd26bff8acb6d144e0998f2b100a5b9ea') in 0.033310 seconds
Number of updated asset objects reloaded before import = 0
Number of asset objects unloaded after import = 2
========================================================================
Received Import Request.
  Time since last request: 0.000075 seconds.
  path: Assets/Cartoon_Texture_Pack/GRASS/GRASS_Flower/GRASS_Flower_Tint_02/Texture/Grass_Flower_Tint_02_Rocks_Basecolor.png
  artifactKey: Guid(91ea5d8940fb7fd4c963e672324628a5) Importer(815301076,1909f56bfc062723c751e8b465ee728b)
Start importing Assets/Cartoon_Texture_Pack/GRASS/GRASS_Flower/GRASS_Flower_Tint_02/Texture/Grass_Flower_Tint_02_Rocks_Basecolor.png using Guid(91ea5d8940fb7fd4c963e672324628a5) Importer(815301076,1909f56bfc062723c751e8b465ee728b) [PhysX] Initialized MultithreadedTaskDispatcher with 16 workers.
[PhysX] Initialized MultithreadedTaskDispatcher with 16 workers.
 -> (artifact id: '38d621ca2c47cdecef7a147881035943') in 0.026458 seconds
Number of updated asset objects reloaded before import = 0
Number of asset objects unloaded after import = 2
========================================================================
Received Import Request.
  Time since last request: 0.000148 seconds.
  path: Assets/Cartoon_Texture_Pack/GRASS/GRASS_Flower/GRASS_Flower_Tint_02/Texture/Grass_Flower_Tint_02_Rocks_Normal.png
  artifactKey: Guid(28d422e66a342d74eba89cea2546b6cd) Importer(815301076,1909f56bfc062723c751e8b465ee728b)
Start importing Assets/Cartoon_Texture_Pack/GRASS/GRASS_Flower/GRASS_Flower_Tint_02/Texture/Grass_Flower_Tint_02_Rocks_Normal.png using Guid(28d422e66a342d74eba89cea2546b6cd) Importer(815301076,1909f56bfc062723c751e8b465ee728b) [PhysX] Initialized MultithreadedTaskDispatcher with 16 workers.
[PhysX] Initialized MultithreadedTaskDispatcher with 16 workers.
 -> (artifact id: '502b1f7f9c503330532b305cc4974ea7') in 0.018531 seconds
Number of updated asset objects reloaded before import = 0
Number of asset objects unloaded after import = 2
========================================================================
Received Import Request.
  Time since last request: 132.906735 seconds.
  path: Assets/Terrain/Terrain_0_0_3c018189-d08c-4252-abda-9c4405a3d314.asset
  artifactKey: Guid(695552416ac85bc4d91be3a9a570905a) Importer(815301076,1909f56bfc062723c751e8b465ee728b)
Start importing Assets/Terrain/Terrain_0_0_3c018189-d08c-4252-abda-9c4405a3d314.asset using Guid(695552416ac85bc4d91be3a9a570905a) Importer(815301076,1909f56bfc062723c751e8b465ee728b) [PhysX] Initialized MultithreadedTaskDispatcher with 16 workers.
 -> (artifact id: '52f518e54765e08f6d05bbefc3d8ee18') in 0.007137 seconds
Number of updated asset objects reloaded before import = 0
Number of asset objects unloaded after import = 1
========================================================================
Received Import Request.
  Time since last request: 0.007640 seconds.
  path: Assets/Terrain/Terrain_0_1_4dbd1630-8dfa-432e-a72b-b00d8ee2767e.asset
  artifactKey: Guid(da18e9d6e74c9d141a6aad778586b56b) Importer(815301076,1909f56bfc062723c751e8b465ee728b)
Start importing Assets/Terrain/Terrain_0_1_4dbd1630-8dfa-432e-a72b-b00d8ee2767e.asset using Guid(da18e9d6e74c9d141a6aad778586b56b) Importer(815301076,1909f56bfc062723c751e8b465ee728b) [PhysX] Initialized MultithreadedTaskDispatcher with 16 workers.
 -> (artifact id: 'a559c36105f059600dbdba59c6e818f7') in 0.008421 seconds
Number of updated asset objects reloaded before import = 0
Number of asset objects unloaded after import = 1
========================================================================
Received Import Request.
  Time since last request: 0.000019 seconds.
  path: Assets/Terrain/Terrain_0_0_aaf87cbb-f36d-4c0f-9581-2e4d203c691f.asset
  artifactKey: Guid(62ab402283be448449614491a97bbf8a) Importer(815301076,1909f56bfc062723c751e8b465ee728b)
Start importing Assets/Terrain/Terrain_0_0_aaf87cbb-f36d-4c0f-9581-2e4d203c691f.asset using Guid(62ab402283be448449614491a97bbf8a) Importer(815301076,1909f56bfc062723c751e8b465ee728b) [PhysX] Initialized MultithreadedTaskDispatcher with 16 workers.
 -> (artifact id: '31c404d506940de949b7d8ca587b1713') in 0.007095 seconds
Number of updated asset objects reloaded before import = 0
Number of asset objects unloaded after import = 1
